=====================================================================
== C:\Users\Jake\Desktop\Wasteland\ArmA_III_Server\arma3server.exe
== "C:\Users\Jake\Desktop\Wasteland\ArmA_III_Server\arma3server.exe"  -port=2302 "-config=C:\Users\Jake\Desktop\Wasteland\ArmA_III_Server\TADST\default\TADST_config.cfg" "-cfg=C:\Users\Jake\Desktop\Wasteland\ArmA_III_Server\TADST\default\TADST_basic.cfg" "-profiles=C:\Users\Jake\Desktop\Wasteland\ArmA_III_Server\TADST\default" -name=default -filePatching "-mod=curator;heli;kart;mark;A3Wasteland_settings;extDB" -filepatching

Original output filename: Arma3Retail_Server
Exe timestamp: 2016/06/01 14:49:01
Current time:  2016/06/26 20:55:11

Type: Public
Build: Stable
Version: 1.60.136470

Allocator: C:\Users\Jake\Desktop\Wasteland\ArmA_III_Server\dll\tbb4malloc_bi.dll
=====================================================================

20:55:11 SteamAPI initialization failed. Steam features wont's be accessible!
20:55:11 Cannot register unknown string STR_MULTI_TITLE_OFFICIAL_SERVERS
20:55:11 Initializing stats manager.
20:55:11 Stats config disabled.
20:55:11 sessionID: 8e7cf10a4455e09cc656447edd22d4ff6929e8ac
20:55:26 Updating base class RscShortcutButton->RscButton, by a3\editor_f\config.bin/RscDisplayEditObject/Controls/B_OK/
20:55:26 Updating base class RscSliderH->RscXSliderH, by a3\editor_f\config.bin/RscDisplayEditObject/Slider/
20:55:26 Updating base class RscText->RscPicture, by a3\editor_f\config.bin/RscDisplayEditObject/Preview/
20:55:26 Updating base class RscShortcutButton->RscButton, by a3\editor_f\config.bin/RscDisplayMissionLoad/Controls/B_OK/
20:55:26 Updating base class RscShortcutButton->RscButton, by a3\editor_f\config.bin/RscDisplayMissionSave/Controls/B_OK/
20:55:26 Updating base class BlendAnims->, by a3\anims_f\config\sdr\weaponswitching\config.bin/CfgMovesMaleSdr/BlendAnims/
20:55:26 Updating base class ->RscControlsGroup, by a3\ui_f\config.bin/RscControlsGroupNoScrollbars/
20:55:26 Updating base class ->RscControlsGroup, by a3\ui_f\config.bin/RscControlsGroupNoHScrollbars/
20:55:26 Updating base class ->RscControlsGroup, by a3\ui_f\config.bin/RscControlsGroupNoVScrollbars/
20:55:26 Updating base class ->RscText, by a3\ui_f\config.bin/RscLine/
20:55:26 Updating base class ->RscActiveText, by a3\ui_f\config.bin/RscActivePicture/
20:55:26 Updating base class ->RscButton, by a3\ui_f\config.bin/RscButtonTextOnly/
20:55:26 Updating base class ->RscShortcutButton, by a3\ui_f\config.bin/RscShortcutButtonMain/
20:55:26 Updating base class ->RscShortcutButton, by a3\ui_f\config.bin/RscButtonEditor/
20:55:26 Updating base class ->RscShortcutButton, by a3\ui_f\config.bin/RscIGUIShortcutButton/
20:55:26 Updating base class ->RscShortcutButton, by a3\ui_f\config.bin/RscGearShortcutButton/
20:55:26 Updating base class ->RscShortcutButton, by a3\ui_f\config.bin/RscButtonMenu/
20:55:26 Updating base class ->RscButtonMenu, by a3\ui_f\config.bin/RscButtonMenuOK/
20:55:26 Updating base class ->RscButtonMenu, by a3\ui_f\config.bin/RscButtonMenuCancel/
20:55:26 Updating base class ->RscButtonMenu, by a3\ui_f\config.bin/RscButtonMenuSteam/
20:55:26 Updating base class ->RscText, by a3\ui_f\config.bin/RscLoadingText/
20:55:26 Updating base class ->RscListBox, by a3\ui_f\config.bin/RscIGUIListBox/
20:55:26 Updating base class ->RscListNBox, by a3\ui_f\config.bin/RscIGUIListNBox/
20:55:26 Updating base class ->RscText, by a3\ui_f\config.bin/RscBackground/
20:55:26 Updating base class ->RscText, by a3\ui_f\config.bin/RscBackgroundGUI/
20:55:26 Updating base class ->RscPicture, by a3\ui_f\config.bin/RscBackgroundGUILeft/
20:55:26 Updating base class ->RscPicture, by a3\ui_f\config.bin/RscBackgroundGUIRight/
20:55:26 Updating base class ->RscPicture, by a3\ui_f\config.bin/RscBackgroundGUIBottom/
20:55:26 Updating base class ->RscText, by a3\ui_f\config.bin/RscBackgroundGUITop/
20:55:26 Updating base class ->RscText, by a3\ui_f\config.bin/RscBackgroundGUIDark/
20:55:26 Updating base class ->RscPictureKeepAspect, by a3\ui_f\config.bin/RscBackgroundLogo/
20:55:26 Updating base class ->RscMapControl, by a3\ui_f\config.bin/RscMapControlEmpty/
20:55:26 Updating base class ->RscPicture, by a3\ui_f\config.bin/CA_Mainback/
20:55:26 Updating base class ->CA_Mainback, by a3\ui_f\config.bin/CA_Back/
20:55:26 Updating base class ->CA_Mainback, by a3\ui_f\config.bin/CA_Title_Back/
20:55:26 Updating base class ->CA_Mainback, by a3\ui_f\config.bin/CA_Black_Back/
20:55:26 Updating base class ->RscTitle, by a3\ui_f\config.bin/CA_Title/
20:55:26 Updating base class ->RscPictureKeepAspect, by a3\ui_f\config.bin/CA_Logo/
20:55:26 Updating base class ->CA_Logo, by a3\ui_f\config.bin/CA_Logo_Small/
20:55:26 Updating base class ->RscButton, by a3\ui_f\config.bin/CA_RscButton/
20:55:26 Updating base class ->CA_RscButton, by a3\ui_f\config.bin/CA_RscButton_dialog/
20:55:26 Updating base class ->RscActiveText, by a3\ui_f\config.bin/CA_Ok/
20:55:26 Updating base class ->RscText, by a3\ui_f\config.bin/CA_Ok_image/
20:55:26 Updating base class ->RscText, by a3\ui_f\config.bin/CA_Ok_image2/
20:55:26 Updating base class ->RscText, by a3\ui_f\config.bin/CA_Ok_text/
20:55:26 Updating base class ->RscPicture, by a3\ui_f\config.bin/RscVignette/
20:55:26 Updating base class ->RscControlsGroupNoScrollbars, by a3\ui_f\config.bin/RscMapControlTooltip/
20:55:26 Updating base class RscUnitInfo->RscUnitInfoAirNoWeapon, by a3\ui_f\config.bin/RscInGameUI/RscUnitInfoAir/
20:55:26 Updating base class RscControlsGroup->RscControlsGroupNoScrollbars, by a3\ui_f\config.bin/RscInGameUI/RscTaskOverview/controls/TaskOverviewAssigned/
20:55:26 Updating base class RscShortcutButton->RscButtonMenu, by a3\ui_f\config.bin/RscDisplayDebug/Controls/B_OK/
20:55:26 Updating base class RscShortcutButton->RscButtonMenu, by a3\ui_f\config.bin/RscDisplayDebug/Controls/B_Cancel/
20:55:26 Updating base class RscShortcutButton->RscButtonMenu, by a3\ui_f\config.bin/RscDisplayDebug/Controls/B_Clear/
20:55:26 Updating base class ->RscText, by a3\ui_f\config.bin/RscDisplayCapture/controls/TimeLines/
20:55:26 Updating base class RscShortcutButton->RscButtonMenu, by a3\ui_f\config.bin/RscDisplayCapture/controls/ButtonAverages/
20:55:26 Updating base class RscShortcutButton->RscButtonMenu, by a3\ui_f\config.bin/RscDisplayCapture/controls/ButtonSavePreviousData/
20:55:26 Updating base class RscShortcutButton->RscButtonMenu, by a3\ui_f\config.bin/RscDisplayCapture/controls/ButtonPreviousData/
20:55:26 Updating base class RscControlsGroup->RscControlsGroupNoHScrollbars, by a3\ui_f\config.bin/RscDisplayMain/controls/ModIcons/
20:55:26 Updating base class RscPicture->RscPictureKeepAspect, by a3\ui_f\config.bin/RscDisplayMain/IconPicture/
20:55:26 Updating base class IconPicture->RscPictureKeepAspect, by a3\ui_f\config.bin/RscDisplayMain/DlcOwnedIconPicture/
20:55:26 Updating base class IconPicture->RscPictureKeepAspect, by a3\ui_f\config.bin/RscDisplayMain/DlcIconPicture/
20:55:26 Updating base class RscListBox->RscCombo, by a3\ui_f\config.bin/RscDisplayCustomizeController/Steepness/
20:55:26 Updating base class ->RscStandardDisplay, by a3\ui_f\config.bin/RscDisplayControlSchemes/
20:55:26 Updating base class ButtonOK->RscButtonMenuCancel, by a3\ui_f\config.bin/RscDisplayControlSchemes/controls/ButtonCancel/
20:55:26 Updating base class RscButton->RscButtonMenuOK, by a3\ui_f\config.bin/RscDisplayControlSchemes/controls/ButtonOK/
20:55:26 Updating base class RscPicture->RscPictureKeepAspect, by a3\ui_f\config.bin/RscDisplayFileSelectImage/controls/OverviewPicture/
20:55:26 Updating base class RscShortcutButton->RscButtonMenuCancel, by a3\ui_f\config.bin/RscDisplayFieldManual/controls/ButtonCancel/
20:55:26 Cannot delete class B_KickOff, it is referenced somewhere (used as a base class probably).
20:55:26 Updating base class RscButton->RscButtonMenuCancel, by a3\ui_f\config.bin/RscDisplayPublishMission/controls/ButtonCancel/
20:55:26 Updating base class RscShortcutButton->RscButtonMenuOK, by a3\ui_f\config.bin/RscDisplayPublishMissionSelectTags/controls/ButtonOK/
20:55:26 Updating base class ButtonOK->RscButtonMenuCancel, by a3\ui_f\config.bin/RscDisplayPublishMissionSelectTags/controls/ButtonCancel/
20:55:26 Updating base class ->RscSubmenu, by a3\ui_f\config.bin/RscMainMenu/
20:55:26 Cannot update non class from class a3\ui_f\config.bin/RscCallSupport/Items/
20:55:26 Cannot update non class from class a3\ui_f\config.bin/RscRadio/Items/
20:55:26 Updating base class ->DistanceClose, by a3\ui_f\config.bin/CfgSimpleTasks/Icon3D/DistanceMid/
20:55:26 Updating base class ->DistanceClose, by a3\ui_f\config.bin/CfgSimpleTasks/Icon3D/DistanceLong/
20:55:26 Updating base class ->All, by a3\sounds_f\config.bin/CfgVehicles/Sound/
20:55:27 Updating base class ->BlendAnims, by a3\soft_f_kart\kart_01\config.bin/CfgMovesMaleSdr/BlendAnims/
20:55:27 Updating base class RscText->ctrlStaticBackgroundDisable, by a3\3den\config.bin/RscDisplayOptionsAudio/ControlsBackground/BackgroundDisable/
20:55:27 Updating base class RscText->ctrlStaticBackgroundDisableTiles, by a3\3den\config.bin/RscDisplayOptionsAudio/ControlsBackground/BackgroundDisableTiles/
20:55:27 Updating base class RscText->ctrlStaticBackgroundDisable, by a3\3den\config.bin/RscDisplayConfigure/ControlsBackground/BackgroundDisable/
20:55:27 Updating base class RscText->ctrlStaticBackgroundDisableTiles, by a3\3den\config.bin/RscDisplayConfigure/ControlsBackground/BackgroundDisableTiles/
20:55:27 Updating base class RscText->ctrlStaticBackgroundDisable, by a3\3den\config.bin/RscDisplayConfigureAction/ControlsBackground/BackgroundDisable/
20:55:27 Updating base class RscText->ctrlStaticBackgroundDisableTiles, by a3\3den\config.bin/RscDisplayConfigureAction/ControlsBackground/BackgroundDisableTiles/
20:55:27 Updating base class RscText->ctrlStaticBackgroundDisable, by a3\3den\config.bin/RscDisplayConfigureControllers/ControlsBackground/BackgroundDisable/
20:55:27 Updating base class RscText->ctrlStaticBackgroundDisableTiles, by a3\3den\config.bin/RscDisplayConfigureControllers/ControlsBackground/BackgroundDisableTiles/
20:55:27 Updating base class RscText->ctrlStaticBackgroundDisable, by a3\3den\config.bin/RscDisplayGameOptions/ControlsBackground/BackgroundDisable/
20:55:27 Updating base class RscText->ctrlStaticBackgroundDisableTiles, by a3\3den\config.bin/RscDisplayGameOptions/ControlsBackground/BackgroundDisableTiles/
20:55:27 Updating base class controls->, by a3\3den\config.bin/RscDisplayArcadeMap_Layout_2/Controls/
20:55:27 Updating base class controls->, by a3\3den\config.bin/RscDisplayArcadeMap_Layout_6/Controls/
20:55:27 Initializing Steam Manager
20:55:27 Steam Manager initialized.
20:55:27 
20:55:27 ==== Loaded addons ====
20:55:27 
20:55:27 dta\bin.pbo - unknown
20:55:27 dta\core.pbo - 98397
20:55:27 dta\languagecore_f.pbo - 100547
20:55:27 C:\Users\Jake\Desktop\Wasteland\ArmA_III_Server\mark\addons\anims_f_mark.pbo - 98395
20:55:27 C:\Users\Jake\Desktop\Wasteland\ArmA_III_Server\mark\addons\characters_f_mark.pbo - 99312
20:55:27 C:\Users\Jake\Desktop\Wasteland\ArmA_III_Server\mark\addons\data_f_mark.pbo - 99979
20:55:27 C:\Users\Jake\Desktop\Wasteland\ArmA_III_Server\mark\addons\dubbing_f_mark.pbo - 98398
20:55:27 C:\Users\Jake\Desktop\Wasteland\ArmA_III_Server\mark\addons\dubbing_f_mp_mark.pbo - 98398
20:55:27 C:\Users\Jake\Desktop\Wasteland\ArmA_III_Server\mark\addons\functions_f_mark.pbo - 98405
20:55:27 C:\Users\Jake\Desktop\Wasteland\ArmA_III_Server\mark\addons\functions_f_mp_mark.pbo - 98862
20:55:27 C:\Users\Jake\Desktop\Wasteland\ArmA_III_Server\mark\addons\languagemissions_f_mark.pbo - 100000
20:55:27 C:\Users\Jake\Desktop\Wasteland\ArmA_III_Server\mark\addons\languagemissions_f_mp_mark.pbo - 100003
20:55:27 C:\Users\Jake\Desktop\Wasteland\ArmA_III_Server\mark\addons\language_f_mark.pbo - 99993
20:55:27 C:\Users\Jake\Desktop\Wasteland\ArmA_III_Server\mark\addons\language_f_mp_mark.pbo - 99993
20:55:27 C:\Users\Jake\Desktop\Wasteland\ArmA_III_Server\mark\addons\missions_f_mark.pbo - 98422
20:55:27 C:\Users\Jake\Desktop\Wasteland\ArmA_III_Server\mark\addons\missions_f_mark_data.pbo - 98422
20:55:27 C:\Users\Jake\Desktop\Wasteland\ArmA_III_Server\mark\addons\missions_f_mark_video.pbo - 98437
20:55:27 C:\Users\Jake\Desktop\Wasteland\ArmA_III_Server\mark\addons\missions_f_mp_mark.pbo - 98422
20:55:27 C:\Users\Jake\Desktop\Wasteland\ArmA_III_Server\mark\addons\missions_f_mp_mark_data.pbo - 98422
20:55:27 C:\Users\Jake\Desktop\Wasteland\ArmA_III_Server\mark\addons\modules_f_mark.pbo - 98423
20:55:27 C:\Users\Jake\Desktop\Wasteland\ArmA_III_Server\mark\addons\modules_f_mp_mark.pbo - 98422
20:55:27 C:\Users\Jake\Desktop\Wasteland\ArmA_III_Server\mark\addons\music_f_mark.pbo - 98422
20:55:27 C:\Users\Jake\Desktop\Wasteland\ArmA_III_Server\mark\addons\music_f_mark_music.pbo - 98422
20:55:27 C:\Users\Jake\Desktop\Wasteland\ArmA_III_Server\mark\addons\sounds_f_mark.pbo - 98423
20:55:27 C:\Users\Jake\Desktop\Wasteland\ArmA_III_Server\mark\addons\static_f_mark.pbo - 98423
20:55:27 C:\Users\Jake\Desktop\Wasteland\ArmA_III_Server\mark\addons\structures_f_mark.pbo - 98423
20:55:27 C:\Users\Jake\Desktop\Wasteland\ArmA_III_Server\mark\addons\supplies_f_mark.pbo - 98423
20:55:27 C:\Users\Jake\Desktop\Wasteland\ArmA_III_Server\mark\addons\ui_f_mark.pbo - 98423
20:55:27 C:\Users\Jake\Desktop\Wasteland\ArmA_III_Server\mark\addons\ui_f_mp_mark.pbo - 98423
20:55:27 C:\Users\Jake\Desktop\Wasteland\ArmA_III_Server\mark\addons\weapons_f_mark.pbo - 98423
20:55:27 C:\Users\Jake\Desktop\Wasteland\ArmA_III_Server\kart\addons\anims_f_kart.pbo - 98395
20:55:27 C:\Users\Jake\Desktop\Wasteland\ArmA_III_Server\kart\addons\characters_f_kart.pbo - 98396
20:55:27 C:\Users\Jake\Desktop\Wasteland\ArmA_III_Server\kart\addons\data_f_kart.pbo - 98437
20:55:27 C:\Users\Jake\Desktop\Wasteland\ArmA_III_Server\kart\addons\languagemissions_f_kart.pbo - 99999
20:55:27 C:\Users\Jake\Desktop\Wasteland\ArmA_III_Server\kart\addons\language_f_kart.pbo - 99993
20:55:27 C:\Users\Jake\Desktop\Wasteland\ArmA_III_Server\kart\addons\missions_f_kart.pbo - 98437
20:55:27 C:\Users\Jake\Desktop\Wasteland\ArmA_III_Server\kart\addons\missions_f_kart_data.pbo - 98437
20:55:27 C:\Users\Jake\Desktop\Wasteland\ArmA_III_Server\kart\addons\modules_f_kart.pbo - 98422
20:55:27 C:\Users\Jake\Desktop\Wasteland\ArmA_III_Server\kart\addons\modules_f_kart_data.pbo - 98423
20:55:27 C:\Users\Jake\Desktop\Wasteland\ArmA_III_Server\kart\addons\soft_f_kart.pbo - 98423
20:55:27 C:\Users\Jake\Desktop\Wasteland\ArmA_III_Server\kart\addons\sounds_f_kart.pbo - 98423
20:55:27 C:\Users\Jake\Desktop\Wasteland\ArmA_III_Server\kart\addons\structures_f_kart.pbo - 98423
20:55:27 C:\Users\Jake\Desktop\Wasteland\ArmA_III_Server\kart\addons\ui_f_kart.pbo - 98423
20:55:27 C:\Users\Jake\Desktop\Wasteland\ArmA_III_Server\kart\addons\weapons_f_kart.pbo - 98423
20:55:27 C:\Users\Jake\Desktop\Wasteland\ArmA_III_Server\heli\addons\air_f_heli.pbo - 98395
20:55:27 C:\Users\Jake\Desktop\Wasteland\ArmA_III_Server\heli\addons\anims_f_heli.pbo - 98397
20:55:27 C:\Users\Jake\Desktop\Wasteland\ArmA_III_Server\heli\addons\boat_f_heli.pbo - 98395
20:55:27 C:\Users\Jake\Desktop\Wasteland\ArmA_III_Server\heli\addons\cargoposes_f_heli.pbo - 98395
20:55:27 C:\Users\Jake\Desktop\Wasteland\ArmA_III_Server\heli\addons\data_f_heli.pbo - 99982
20:55:27 C:\Users\Jake\Desktop\Wasteland\ArmA_III_Server\heli\addons\dubbing_f_heli.pbo - 98398
20:55:27 C:\Users\Jake\Desktop\Wasteland\ArmA_III_Server\heli\addons\functions_f_heli.pbo - 98403
20:55:27 C:\Users\Jake\Desktop\Wasteland\ArmA_III_Server\heli\addons\languagemissions_f_heli.pbo - 99996
20:55:27 C:\Users\Jake\Desktop\Wasteland\ArmA_III_Server\heli\addons\language_f_heli.pbo - 99993
20:55:27 C:\Users\Jake\Desktop\Wasteland\ArmA_III_Server\heli\addons\missions_f_heli.pbo - 98436
20:55:27 C:\Users\Jake\Desktop\Wasteland\ArmA_III_Server\heli\addons\missions_f_heli_data.pbo - 98437
20:55:27 C:\Users\Jake\Desktop\Wasteland\ArmA_III_Server\heli\addons\missions_f_heli_video.pbo - 98437
20:55:27 C:\Users\Jake\Desktop\Wasteland\ArmA_III_Server\heli\addons\modules_f_heli.pbo - 98422
20:55:27 C:\Users\Jake\Desktop\Wasteland\ArmA_III_Server\heli\addons\music_f_heli.pbo - 98423
20:55:27 C:\Users\Jake\Desktop\Wasteland\ArmA_III_Server\heli\addons\music_f_heli_music.pbo - 98423
20:55:27 C:\Users\Jake\Desktop\Wasteland\ArmA_III_Server\heli\addons\soft_f_heli.pbo - 98423
20:55:27 C:\Users\Jake\Desktop\Wasteland\ArmA_III_Server\heli\addons\sounds_f_heli.pbo - 98423
20:55:27 C:\Users\Jake\Desktop\Wasteland\ArmA_III_Server\heli\addons\structures_f_heli.pbo - 98423
20:55:27 C:\Users\Jake\Desktop\Wasteland\ArmA_III_Server\heli\addons\supplies_f_heli.pbo - 98423
20:55:27 C:\Users\Jake\Desktop\Wasteland\ArmA_III_Server\heli\addons\ui_f_heli.pbo - 98423
20:55:27 C:\Users\Jake\Desktop\Wasteland\ArmA_III_Server\curator\addons\data_f_curator.pbo - 99978
20:55:27 C:\Users\Jake\Desktop\Wasteland\ArmA_III_Server\curator\addons\functions_f_curator.pbo - 98402
20:55:27 C:\Users\Jake\Desktop\Wasteland\ArmA_III_Server\curator\addons\language_f_curator.pbo - 99992
20:55:27 C:\Users\Jake\Desktop\Wasteland\ArmA_III_Server\curator\addons\missions_f_curator.pbo - 99501
20:55:27 C:\Users\Jake\Desktop\Wasteland\ArmA_III_Server\curator\addons\modules_f_curator.pbo - 98422
20:55:27 C:\Users\Jake\Desktop\Wasteland\ArmA_III_Server\curator\addons\ui_f_curator.pbo - 100112
20:55:27 addons\3den.pbo - 99525
20:55:27 addons\3den_language.pbo - 99992
20:55:27 addons\a3.pbo - unknown
20:55:27 addons\air_f.pbo - 99988
20:55:27 addons\air_f_beta.pbo - 98395
20:55:27 addons\air_f_epb.pbo - 99941
20:55:27 addons\air_f_epc.pbo - 98395
20:55:27 addons\air_f_gamma.pbo - 98395
20:55:27 addons\animals_f.pbo - 98453
20:55:27 addons\animals_f_beta.pbo - 98395
20:55:27 addons\anims_f.pbo - 100288
20:55:27 addons\anims_f_bootcamp.pbo - 98395
20:55:27 addons\anims_f_data.pbo - 98480
20:55:27 addons\anims_f_epa.pbo - 98397
20:55:27 addons\anims_f_epc.pbo - 98397
20:55:27 addons\anims_f_exp_a.pbo - 98695
20:55:27 addons\armor_f.pbo - 98395
20:55:27 addons\armor_f_beta.pbo - 99591
20:55:27 addons\armor_f_epb.pbo - 98395
20:55:27 addons\armor_f_epc.pbo - 98395
20:55:27 addons\armor_f_gamma.pbo - 98395
20:55:27 addons\baseconfig_f.pbo - 99080
20:55:27 addons\boat_f.pbo - 98395
20:55:27 addons\boat_f_beta.pbo - 98395
20:55:27 addons\boat_f_epc.pbo - 98395
20:55:27 addons\boat_f_gamma.pbo - 98395
20:55:27 addons\cargoposes_f.pbo - 98395
20:55:27 addons\characters_f.pbo - 99496
20:55:27 addons\characters_f_beta.pbo - 98395
20:55:27 addons\characters_f_bootcamp.pbo - 98395
20:55:27 addons\characters_f_epa.pbo - 98395
20:55:27 addons\characters_f_epb.pbo - 98395
20:55:27 addons\characters_f_epc.pbo - 98395
20:55:27 addons\characters_f_gamma.pbo - 99374
20:55:27 addons\data_f.pbo - 99713
20:55:27 addons\data_f_bootcamp.pbo - 98437
20:55:27 addons\data_f_exp_a.pbo - 98437
20:55:27 addons\data_f_exp_b.pbo - 98643
20:55:27 addons\drones_f.pbo - 99942
20:55:27 addons\dubbing_f.pbo - 98398
20:55:27 addons\dubbing_f_beta.pbo - 98398
20:55:27 addons\dubbing_f_bootcamp.pbo - 98398
20:55:27 addons\dubbing_f_epa.pbo - 98398
20:55:27 addons\dubbing_f_epb.pbo - 98398
20:55:27 addons\dubbing_f_epc.pbo - 98398
20:55:27 addons\dubbing_f_gamma.pbo - 98398
20:55:27 addons\dubbing_radio_f.pbo - 99982
20:55:27 addons\dubbing_radio_f_data_eng.pbo - 99078
20:55:27 addons\dubbing_radio_f_data_engb.pbo - 99078
20:55:27 addons\dubbing_radio_f_data_gre.pbo - 99078
20:55:27 addons\dubbing_radio_f_data_per.pbo - 99078
20:55:27 addons\dubbing_radio_f_data_vr.pbo - 99078
20:55:27 addons\editorpreviews_f.pbo - 99556
20:55:27 addons\editor_f.pbo - 98402
20:55:27 addons\functions_f.pbo - 100265
20:55:27 addons\functions_f_bootcamp.pbo - 98790
20:55:27 addons\functions_f_epa.pbo - 98406
20:55:27 addons\functions_f_epc.pbo - 98406
20:55:27 addons\functions_f_exp_a.pbo - 98403
20:55:27 addons\languagemissions_f.pbo - 99993
20:55:27 addons\languagemissions_f_beta.pbo - 99993
20:55:27 addons\languagemissions_f_bootcamp.pbo - 99993
20:55:27 addons\languagemissions_f_epa.pbo - 99993
20:55:27 addons\languagemissions_f_epb.pbo - 99993
20:55:27 addons\languagemissions_f_epc.pbo - 99993
20:55:27 addons\languagemissions_f_exp_a.pbo - 99996
20:55:27 addons\languagemissions_f_gamma.pbo - 99995
20:55:27 addons\language_f.pbo - 100046
20:55:27 addons\language_f_beta.pbo - 99992
20:55:27 addons\language_f_bootcamp.pbo - 99992
20:55:27 addons\language_f_epa.pbo - 99992
20:55:27 addons\language_f_epb.pbo - 99992
20:55:27 addons\language_f_epc.pbo - 99992
20:55:27 addons\language_f_exp_a.pbo - 99993
20:55:27 addons\language_f_exp_b.pbo - 99993
20:55:27 addons\language_f_gamma.pbo - 99993
20:55:27 addons\map_altis.pbo - 100239
20:55:27 addons\map_altis_data.pbo - 99740
20:55:27 addons\map_altis_data_layers.pbo - 99901
20:55:27 addons\map_altis_data_layers_00_00.pbo - 99901
20:55:27 addons\map_altis_data_layers_00_01.pbo - 99901
20:55:27 addons\map_altis_data_layers_01_00.pbo - 99901
20:55:27 addons\map_altis_data_layers_01_01.pbo - 99901
20:55:27 addons\map_altis_scenes_f.pbo - 98766
20:55:27 addons\map_data.pbo - 100132
20:55:27 addons\map_stratis.pbo - 100234
20:55:27 addons\map_stratis_data.pbo - 98435
20:55:27 addons\map_stratis_data_layers.pbo - 98581
20:55:27 addons\map_stratis_scenes_f.pbo - 98774
20:55:27 addons\map_vr.pbo - 98784
20:55:27 addons\map_vr_scenes_f.pbo - 98782
20:55:27 addons\misc_f.pbo - 98416
20:55:27 addons\missions_f.pbo - 98436
20:55:27 addons\missions_f_beta.pbo - 98436
20:55:27 addons\missions_f_beta_data.pbo - 98436
20:55:27 addons\missions_f_beta_video.pbo - 98436
20:55:27 addons\missions_f_bootcamp.pbo - 98436
20:55:27 addons\missions_f_bootcamp_data.pbo - 98436
20:55:27 addons\missions_f_bootcamp_video.pbo - 98436
20:55:27 addons\missions_f_data.pbo - 98436
20:55:27 addons\missions_f_epa.pbo - 98893
20:55:27 addons\missions_f_epa_data.pbo - 98436
20:55:27 addons\missions_f_epa_video.pbo - 98436
20:55:27 addons\missions_f_epb.pbo - 98420
20:55:27 addons\missions_f_epb_data.pbo - 92728
20:55:27 addons\missions_f_epb_video.pbo - 73106
20:55:27 addons\missions_f_epc.pbo - 98420
20:55:27 addons\missions_f_epc_data.pbo - 84724
20:55:27 addons\missions_f_epc_video.pbo - 84725
20:55:27 addons\missions_f_exp_a.pbo - 99081
20:55:27 addons\missions_f_exp_a_data.pbo - 98702
20:55:27 addons\missions_f_gamma.pbo - 98436
20:55:27 addons\missions_f_gamma_data.pbo - 98436
20:55:27 addons\missions_f_gamma_video.pbo - 98436
20:55:27 addons\missions_f_video.pbo - 98436
20:55:27 addons\modules_f.pbo - 98663
20:55:27 addons\modules_f_beta.pbo - 98422
20:55:27 addons\modules_f_beta_data.pbo - 98422
20:55:27 addons\modules_f_bootcamp.pbo - 98422
20:55:27 addons\modules_f_data.pbo - 98422
20:55:27 addons\modules_f_epb.pbo - 98422
20:55:27 addons\modules_f_exp_a.pbo - 98459
20:55:27 addons\music_f.pbo - 98422
20:55:27 addons\music_f_bootcamp.pbo - 98422
20:55:27 addons\music_f_bootcamp_music.pbo - 98422
20:55:27 addons\music_f_epa.pbo - 98422
20:55:27 addons\music_f_epa_music.pbo - 98422
20:55:27 addons\music_f_epb.pbo - 98422
20:55:27 addons\music_f_epb_music.pbo - 98422
20:55:27 addons\music_f_epc.pbo - 98423
20:55:27 addons\music_f_epc_music.pbo - 98422
20:55:27 addons\music_f_music.pbo - 98423
20:55:27 addons\plants_f.pbo - 98423
20:55:27 addons\props_f_exp_a.pbo - 98443
20:55:27 addons\roads_f.pbo - 98423
20:55:27 addons\rocks_f.pbo - 99030
20:55:27 addons\signs_f.pbo - 99349
20:55:27 addons\soft_f.pbo - 98851
20:55:27 addons\soft_f_beta.pbo - 98423
20:55:27 addons\soft_f_bootcamp.pbo - 98423
20:55:27 addons\soft_f_epc.pbo - 98423
20:55:27 addons\soft_f_gamma.pbo - 99007
20:55:27 addons\sounds_f.pbo - 99745
20:55:27 addons\sounds_f_arsenal.pbo - 98423
20:55:27 addons\sounds_f_bootcamp.pbo - 98423
20:55:27 addons\sounds_f_characters.pbo - 98423
20:55:27 addons\sounds_f_environment.pbo - 98459
20:55:27 addons\sounds_f_epb.pbo - 98423
20:55:27 addons\sounds_f_epc.pbo - 98423
20:55:27 addons\sounds_f_exp_a.pbo - 98443
20:55:27 addons\sounds_f_sfx.pbo - 98423
20:55:27 addons\sounds_f_vehicles.pbo - 98423
20:55:27 addons\static_f.pbo - 99943
20:55:27 addons\static_f_beta.pbo - 98423
20:55:27 addons\static_f_gamma.pbo - 98423
20:55:27 addons\structures_f.pbo - 98423
20:55:27 addons\structures_f_bootcamp.pbo - 98423
20:55:27 addons\structures_f_data.pbo - 98423
20:55:27 addons\structures_f_epa.pbo - 99891
20:55:27 addons\structures_f_epb.pbo - 98423
20:55:27 addons\structures_f_epc.pbo - 98423
20:55:27 addons\structures_f_exp_a.pbo - 98423
20:55:27 addons\structures_f_households.pbo - 98423
20:55:27 addons\structures_f_ind.pbo - 98423
20:55:27 addons\structures_f_mil.pbo - 99557
20:55:27 addons\structures_f_wrecks.pbo - 98423
20:55:27 addons\uifonts_f.pbo - 98423
20:55:27 addons\uifonts_f_data.pbo - 98423
20:55:27 addons\ui_f.pbo - 100111
20:55:27 addons\ui_f_bootcamp.pbo - 98423
20:55:27 addons\ui_f_data.pbo - 99905
20:55:27 addons\ui_f_exp_a.pbo - 98443
20:55:27 addons\weapons_f.pbo - 99719
20:55:27 addons\weapons_f_beta.pbo - 98423
20:55:27 addons\weapons_f_bootcamp.pbo - 98423
20:55:27 addons\weapons_f_epa.pbo - 98423
20:55:27 addons\weapons_f_epb.pbo - 98423
20:55:27 addons\weapons_f_epc.pbo - 98424
20:55:27 addons\weapons_f_gamma.pbo - 98423
20:55:27 
20:55:27 =======================
20:55:27 
20:55:27 ============================================================================================= List of mods ===============================================================================================
20:55:27 modsReadOnly = true
20:55:27 safeModsActivated = false
20:55:27 customMods = true
20:55:27 hash = 'A8C688151ED5B306E7675E80CE00A64C904FFDC9'
20:55:27 hashShort = 'e7338d0'
20:55:27                                               name |               modDir |    default |               origin |                                     hash | hashShort | fullPath
20:55:27 ----------------------------------------------------------------------------------------------------------------------------------------------------------------------------------------------------------
20:55:27                                              extDB |                extDB |      false |             GAME DIR |                                          |           | C:\Users\Jake\Desktop\Wasteland\ArmA_III_Server\extDB
20:55:27                               A3Wasteland_settings | A3Wasteland_settings |      false |             GAME DIR |                                          |           | C:\Users\Jake\Desktop\Wasteland\ArmA_III_Server\A3Wasteland_settings
20:55:27                                    Arma 3 Marksmen |                 mark |       true |             GAME DIR | 8a8bc2a7d7ad8251bcc82f29aea6d3f34ebffb3d |  1c11a244 | C:\Users\Jake\Desktop\Wasteland\ArmA_III_Server\mark
20:55:27                                       Arma 3 Karts |                 kart |       true |             GAME DIR | 41f70c200a668f39e52eedf55e0c6f494aef1903 |  c9867676 | C:\Users\Jake\Desktop\Wasteland\ArmA_III_Server\kart
20:55:27                                 Arma 3 Helicopters |                 heli |       true |             GAME DIR | 1614a75b4d3cceb5d296ca4101a589fba596aa5e |  9a800f11 | C:\Users\Jake\Desktop\Wasteland\ArmA_III_Server\heli
20:55:27                                        Arma 3 Zeus |              curator |       true |             GAME DIR | fb1eec1e78a39cd021a71a293ae4ae1e00c98686 |   44f886e | C:\Users\Jake\Desktop\Wasteland\ArmA_III_Server\curator
20:55:27                                  Arma 3 DLC Bundle |            dlcbundle |       true |            NOT FOUND |                                          |           | 
20:55:27                                             Arma 3 |                   A3 |       true |            NOT FOUND |                                          |           | 
20:55:27 ==========================================================================================================================================================================================================
20:55:27 InitSound ...
20:55:27 InitSound - complete
20:55:27 PhysX3 SDK Init started ...
20:55:27 PhysX3 SDK Init ended.
20:55:27 Preloaded texture GroupDir not found in bin\config.bin/CfgInGameUI/
20:55:29 Attempt to override final function - rscminimap_script
20:55:29 Attempt to override final function - rscdisplayloading_script
20:55:29 Attempt to override final function - rscdisplayloading_script
20:55:29 Attempt to override final function - rscdisplayloading_script
20:55:29 Attempt to override final function - rscdiary_script
20:55:29 Attempt to override final function - rscdisplaysinglemission_script
20:55:29 Attempt to override final function - rscdiary_script
20:55:29 Attempt to override final function - rscdisplayremotemissions_script
20:55:29 Attempt to override final function - rscdisplayloading_script
20:55:29 Attempt to override final function - rscdiary_script
20:55:29 Attempt to override final function - rscdiary_script
20:55:29 Attempt to override final function - rscdisplaystrategicmap_script
20:55:29 Attempt to override final function - rscdisplaycommon_script
20:55:29 Attempt to override final function - rscdisplaygarage_script
20:55:29 Attempt to override final function - rscdisplayhostsettings_script
20:55:29 Attempt to override final function - rscdisplayloading_script
20:55:30 Attempt to override final function - rscdisplaycurator_script
20:55:30 Attempt to override final function - display3deneditcomposition_script
20:55:30 Attempt to override final function - display3deneditattributes_script
20:55:30 Attempt to override final function - display3deneditattributes_script
20:55:30 Attempt to override final function - rscdisplayhostsettings_script
20:55:30 Attempt to override final function - rscdisplaycommon_script
20:55:30 Attempt to override final function - rscdisplaydebriefing_script
20:55:30 Attempt to override final function - rscunitinfo_script
20:55:30 Attempt to override final function - rscunitinfo_script
20:55:30 Attempt to override final function - rscunitinfo_script
20:55:30 Attempt to override final function - rscunitinfo_script
20:55:30 Attempt to override final function - rscunitinfo_script
20:55:30 Attempt to override final function - rscunitinfo_script
20:55:30 Attempt to override final function - rscunitinfo_script
20:55:30 Attempt to override final function - rscunitinfo_script
20:55:30 Attempt to override final function - rscunitinfo_script
20:55:30 Attempt to override final function - rscunitinfo_script
20:55:30 Attempt to override final function - rscunitinfo_script
20:55:30 Attempt to override final function - rscunitinfo_script
20:55:30 Attempt to override final function - rscunitinfo_script
20:55:30 Attempt to override final function - rscunitinfo_script
20:55:30 Attempt to override final function - rscunitinfo_script
20:55:30 Attempt to override final function - rscunitinfo_script
20:55:30 Attempt to override final function - rscunitinfo_script
20:55:30 Attempt to override final function - rscunitinfo_script
20:55:30 Attempt to override final function - rscunitinfo_script
20:55:30 Attempt to override final function - rscunitinfo_script
20:55:30 Attempt to override final function - rscunitinfo_script
20:55:30 Attempt to override final function - rscunitinfo_script
20:55:30 Attempt to override final function - rscunitinfo_script
20:55:30 Attempt to override final function - rscunitinfo_script
20:55:30 Attempt to override final function - rscunitinfo_script
20:55:30 Attempt to override final function - rscunitinfo_script
20:55:30 Attempt to override final function - rscunitinfo_script
20:55:30 Attempt to override final function - rscunitinfo_script
20:55:30 Attempt to override final function - rscunitinfo_script
20:55:30 Attempt to override final function - rscunitinfo_script
20:55:30 Attempt to override final function - rscunitinfo_script
20:55:30 Attempt to override final function - rscunitinfo_script
20:55:30 Attempt to override final function - rscunitinfo_script
20:55:30 Attempt to override final function - rscunitinfo_script
20:55:30 Attempt to override final function - rscunitinfo_script
20:55:30 Attempt to override final function - rscunitinfo_script
20:55:30 Attempt to override final function - rscunitinfo_script
20:55:30 Attempt to override final function - rscunitinfo_script
20:55:30 Attempt to override final function - rscunitinfo_script
20:55:30 Attempt to override final function - rscunitinfo_script
20:55:30 Attempt to override final function - rscunitinfo_script
20:55:30 Attempt to override final function - rscunitinfo_script
20:55:30 Attempt to override final function - rscunitinfo_script
20:55:30 Attempt to override final function - rscunitinfo_script
20:55:30 Attempt to override final function - rscunitinfo_script
20:55:30 Attempt to override final function - rscunitinfo_script
20:55:30 Attempt to override final function - rscunitinfo_script
20:55:30 Attempt to override final function - rscunitinfo_script
20:55:30 Attempt to override final function - rscunitinfo_script
20:55:30 Attempt to override final function - rscunitinfo_script
20:55:30 Attempt to override final function - rscunitinfo_script
20:55:30 Attempt to override final function - rscunitinfo_script
20:55:30 Attempt to override final function - rscunitinfo_script
20:55:30 Attempt to override final function - rscunitinfo_script
20:55:30 Attempt to override final function - rscunitinfo_script
20:55:30 Attempt to override final function - rscunitinfo_script
20:55:30 Attempt to override final function - rscunitinfo_script
20:55:30 Attempt to override final function - rscunitinfo_script
20:55:30 Attempt to override final function - rscunitinfo_script
20:55:30 Attempt to override final function - rscunitinfo_script
20:55:30 Attempt to override final function - rscunitinfo_script
20:55:31 VoteThreshold must be in 0..1 range. Defaulting to 0.5
Initializing Steam server - Game Port: 2302, Steam Query Port: 2303
Steam AppId from steam_appid.txt: 107410
Connected to Steam servers
Mission ArmA3_Wasteland.Altis: Number of roles (146) is different from 'description.ext::Header::maxPlayer' (145)
Server error: Player without identity Valiant (id 927092926)
Server error: Player without identity Valiant (id 927092926)
Server error: Player without identity Valiant (id 927092926)
Server error: Player without identity Valiant (id 927092926)
Server error: Player without identity Valiant (id 927092926)
Server error: Player without identity Valiant (id 927092926)
Server error: Player without identity Valiant (id 927092926)
Server error: Player without identity Valiant (id 927092926)
Server error: Player without identity Valiant (id 927092926)
Server error: Player without identity Valiant (id 927092926)
Server error: Player without identity Valiant (id 927092926)
Server error: Player without identity Valiant (id 927092926)
Server error: Player without identity Valiant (id 927092926)
Server error: Player without identity Valiant (id 927092926)
Server error: Player without identity Valiant (id 927092926)
Server error: Player without identity Valiant (id 927092926)
Server error: Player without identity Valiant (id 927092926)
Server error: Player without identity Valiant (id 927092926)
Server error: Player without identity Valiant (id 927092926)
Server error: Player without identity Valiant (id 927092926)
Server error: Player without identity Valiant (id 927092926)
Server error: Player without identity Valiant (id 927092926)
Server error: Player without identity Valiant (id 927092926)
Server error: Player without identity Valiant (id 927092926)
Server error: Player without identity Valiant (id 927092926)
Server error: Player without identity Valiant (id 927092926)
Server error: Player without identity Valiant (id 927092926)
Server error: Player without identity Valiant (id 927092926)
Server error: Player without identity Valiant (id 927092926)
Server error: Player without identity Valiant (id 927092926)
Server error: Player without identity Valiant (id 927092926)
Server error: Player without identity Valiant (id 927092926)
Server error: Player without identity Valiant (id 927092926)
Warning: Wrong data in squad.xml for Player[Valiant], Squad[http://armasquads.com/user/squads/xml/ka21kXOmXQ8YIZ9bTLfFx4CxeYnt4Fqm/squad.xml]
Server error: Player without identity Valiant (id 927092926)
Starting mission:
 Mission file: ArmA3_Wasteland
 Mission world: Altis
 Mission directory: mpmissions\ArmA3_Wasteland.Altis\
Unknown hit sound type in A3\data_f\Penetration\tyre.bisurf.soundHit
Strange convex component145 in a3\plants_f\tree\t_pinuss2s_b_f.p3d:geometryView
Strange convex component149 in a3\plants_f\tree\t_pinuss2s_b_f.p3d:geometryView
Attempt to override final function - bis_functions_list
Attempt to override final function - bis_functions_listpreinit
Attempt to override final function - bis_functions_listpostinit
Attempt to override final function - bis_functions_listrecompile
Attempt to override final function - bis_fnc_missiontaskslocal
Attempt to override final function - bis_fnc_missionconversationslocal
Attempt to override final function - bis_fnc_missionflow
Loading movesType CfgGesturesMale
MovesType CfgGesturesMale load time 139 ms
Loading movesType CfgMovesMaleSdr
Animation a3\cargoposes_f\anim\passenger_flatground_leanleft_kia.rtm not found or empty
Animation a3\cargoposes_f\anim\passenger_flatground_leanright_kia.rtm not found or empty
MovesType CfgMovesMaleSdr load time 7001 ms
c:\w\stable\futura\lib\network\networkserver.cpp NetworkServer::OnClientStateChanged:NOT IMPLEMENTED - briefing!
"############################# ArmA3_Wasteland #############################"
"WASTELAND SERVER - Initializing Server"
Warning Message: Script \A3Wasteland_settings\antihack\payload.sqf not found
"ANTI-HACK: External payload unavailable, using internal payload"
"ANTI-HACK: Started."
Warning Message: Script \A3Wasteland_settings\init.sqf not found
"Applying U_IG_Guerilla2_3 as uniform for GenStore2"
"Applying U_IG_Guerilla3_1 as uniform for GenStore3"
"Applying U_IG_Guerilla2_1 as uniform for GenStore4"
"Applying U_IG_Guerilla3_2 as uniform for GenStore5"
"Applying U_B_SpecopsUniform_sgg as uniform for GunStore1"
"Applying U_O_SpecopsUniform_blk as uniform for GunStore2"
"Applying U_I_CombatUniform_tshirt as uniform for GunStore3"
"Applying U_IG_Guerilla1_1 as uniform for GunStore4"
"Applying U_Competitor as uniform for VehStore1"
"Applying U_Competitor as uniform for VehStore2"
"Applying U_Competitor as uniform for VehStore3"
"Applying U_Competitor as uniform for VehStore4"
"Applying U_Competitor as uniform for VehStore5"
"Applying U_IG_Guerilla2_2 as uniform for GenStore1"
Warning Message: Script \A3Wasteland_settings\admins.sqf not found
"WASTELAND SERVER - Initializing Server Vars"
"WASTELAND SERVER - Initializing Server Compile"
"WASTELAND SERVER - Initializing Server Relations"
Warning Message: Script \A3Wasteland_settings\serverRules.sqf not found
"WASTELAND SERVER - Server Compile Finished"
"[INFO] extDB2 v63 extension loaded"
"[extDB2] Startup..."
"[extDB2] Initialized SQL_CUSTOM_V2 protocol"
"[extDB2] Environment setup..."
"[extDB2] Locked"
Scripting function 'bis_fnc_execvm' is not allowed to be remotely executed
 Mission id: a57a6a9bd3521c8c078542063dffd17541fc03f2
"Player connected: Valiant (76561198113994834)"
"Player connected: __SERVER__ ()"
"[extDB2] Startup complete!"
"[INFO] A3W playerSaving = ON"
"[INFO] A3W baseSaving = ON"
"[INFO] A3W vehicleSaving = ON"
"[INFO] A3W boxSaving = ON"
"[INFO] A3W staticWeaponSaving = ON"
"[INFO] A3W warchestSaving = ON"
"[INFO] A3W warchestMoneySaving = ON"
"[INFO] A3W spawnBeaconSaving = ON"
"[INFO] A3W timeSaving = ON"
"[INFO] A3W weatherSaving = ON"
"[INFO] A3W hcObjSaving = OFF"
"A3Wasteland - world persistence loaded 0 objects from extDB"
"A3Wasteland - world persistence loaded 0 vehicles from extDB"
"WASTELAND SERVER - Initializing Server Spawning"
"Creating territory capture trigger for 'TERRITORY_SW_AIRFIELD'"
Duplicate weapon CMFlareLauncher detected for O_Heli_Light_02_unarmed_F
"Creating territory capture trigger for 'TERRITORY_MAIN_AIRBASE_SW'"
"Creating territory capture trigger for 'TERRITORY_MAIN_AIRBASE_CENTER'"
"Creating territory capture trigger for 'TERRITORY_MAIN_AIRBASE_NE'"
"Creating territory capture trigger for 'TERRITORY_NW_AIRFIELD'"
"Creating territory capture trigger for 'TERRITORY_NE_AIRFIELD'"
"Creating territory capture trigger for 'TERRITORY_SE_AIRFIELD'"
"Creating territory capture trigger for 'TERRITORY_WEST_POWER_PLANT'"
"Creating territory capture trigger for 'TERRITORY_SALTFLATS_AIRFIELD'"
"Creating territory capture trigger for 'TERRITORY_THRONOS_CASTLE'"
"WARNING: No config_territory_markers definition for marker 'TERRITORY_KASTRO_CASTLE'. Deleting it!"
"Creating territory capture trigger for 'TERRITORY_CENTER_POWER_PLANT'"
"Creating territory capture trigger for 'TERRITORY_IRAKLIA_RUINS'"
"Creating territory capture trigger for 'TERRITORY_ARTINARKI_RUINS'"
"Creating territory capture trigger for 'TERRITORY_MAGOS_TRANSMITTER'"
"Creating territory capture trigger for 'TERRITORY_PYRSOS_TRANSMITTER'"
"Creating territory capture trigger for 'TERRITORY_MILITARY_RESEARCH'"
"WASTELAND SERVER - 16 Static helis Spawned"
Wrong init state
"pvar_requestPlayerData: [3,R Alpha 1-2:1 (Valiant) REMOTE,R Alpha 1-2:1 (Valiant) REMOTE]"
Error: Object(3 : 8) not found
Error: Object(3 : 10) not found
"WASTELAND - Vehicle spawning completed - 196 town vehicles spawned in 25.168s"
"WASTELAND SERVER - 2 Planes Spawned"
class HitPoints::HitFuel not found in C_Boat_Civil_01_rescue_F
class HitPoints::HitFuel not found in C_Boat_Civil_01_F
class HitPoints::HitFuel not found in C_Boat_Civil_01_police_F
class HitPoints::HitFuel not found in B_Boat_Armed_01_minigun_F
class HitPoints::HitFuel not found in O_Boat_Armed_01_hmg_F
class HitPoints::HitFuel not found in I_Boat_Armed_01_minigun_F
"WASTELAND SERVER - 17 Boats Spawned"
Strange convex component322 in a3\structures_f\research\dome_big_f.p3d:geometryFire
Strange convex component327 in a3\structures_f\research\dome_big_f.p3d:geometryFire
"WASTELAND - Object spawning completed - 387 objects spawned"
"[INFO] A3W territory capturing is ENABLED"
"WASTELAND SERVER - Initializing Missions"
"WASTELAND SERVER - Started Main Mission Controller"
"WASTELAND SERVER - Main Mission waiting to run: mission_APC"
Performance warning: SimpleSerialization::Write 'messageSystem' is using type of ',TEXT' which is not optimized by simple serialization, falling back to generic serialization, use generic type or ask for optimizations for these types
Performance warning: SimpleSerialization::Read 'messageSystem' is using type of ,'TEXT' which is not optimized by simple serialization, falling back to generic serialization, use generic type or ask for optimizations for these types
"A3W - 0 baseparts and objects have been saved with extDB"
"WASTELAND SERVER - Started Money Mission Controller"
"WASTELAND SERVER - Money Mission waiting to run: mission_SunkenTreasure"
Performance warning: SimpleSerialization::Write 'messageSystem' is using type of ',TEXT' which is not optimized by simple serialization, falling back to generic serialization, use generic type or ask for optimizations for these types
Performance warning: SimpleSerialization::Read 'messageSystem' is using type of ,'TEXT' which is not optimized by simple serialization, falling back to generic serialization, use generic type or ask for optimizations for these types
"TERRITORY SYSTEM: _realLoopTime was 10.011"
"WASTELAND SERVER - Started Side Mission Controller"
"WASTELAND SERVER - Side Mission waiting to run: mission_MiniConvoy"
Performance warning: SimpleSerialization::Write 'messageSystem' is using type of ',TEXT' which is not optimized by simple serialization, falling back to generic serialization, use generic type or ask for optimizations for these types
Performance warning: SimpleSerialization::Read 'messageSystem' is using type of ,'TEXT' which is not optimized by simple serialization, falling back to generic serialization, use generic type or ask for optimizations for these types
"WASTELAND SERVER - Started Main Mission 2 Controller"
"WASTELAND SERVER - Main Mission 2 waiting to run: mission_ArmedHeli"
Performance warning: SimpleSerialization::Write 'messageSystem' is using type of ',TEXT' which is not optimized by simple serialization, falling back to generic serialization, use generic type or ask for optimizations for these types
Performance warning: SimpleSerialization::Read 'messageSystem' is using type of ,'TEXT' which is not optimized by simple serialization, falling back to generic serialization, use generic type or ask for optimizations for these types
"TERRITORY SYSTEM: _realLoopTime was 10.002"
"WASTELAND SERVER - Started Money Mission 2 Controller"
"WASTELAND SERVER - Money Mission 2 waiting to run: mission_MoneyShipment"
Performance warning: SimpleSerialization::Write 'messageSystem' is using type of ',TEXT' which is not optimized by simple serialization, falling back to generic serialization, use generic type or ask for optimizations for these types
Performance warning: SimpleSerialization::Read 'messageSystem' is using type of ,'TEXT' which is not optimized by simple serialization, falling back to generic serialization, use generic type or ask for optimizations for these types
"WASTELAND SERVER - Started Side Mission 2 Controller"
"WASTELAND SERVER - Side Mission 2 waiting to run: mission_Truck"
Performance warning: SimpleSerialization::Write 'messageSystem' is using type of ',TEXT' which is not optimized by simple serialization, falling back to generic serialization, use generic type or ask for optimizations for these types
Performance warning: SimpleSerialization::Read 'messageSystem' is using type of ,'TEXT' which is not optimized by simple serialization, falling back to generic serialization, use generic type or ask for optimizations for these types
Admin logged in, player: Valiant, playerUID: 76561198113994834, IP: 169.254.123.195:2304.
"TERRITORY SYSTEM: _realLoopTime was 10"
"A3W - 0 vehicles have been saved with extDB"
"TERRITORY SYSTEM: _realLoopTime was 10.011"
"TERRITORY SYSTEM: _realLoopTime was 10.002"
"TERRITORY SYSTEM: _realLoopTime was 10.008"
"A3W - 0 baseparts and objects have been saved with extDB"
"TERRITORY SYSTEM: _realLoopTime was 10.016"
"TERRITORY SYSTEM: _realLoopTime was 10.01"
"TERRITORY SYSTEM: _realLoopTime was 10.013"
"A3W - 0 vehicles have been saved with extDB"
"TERRITORY SYSTEM: _realLoopTime was 10.008"
"TERRITORY SYSTEM: _realLoopTime was 10.006"
"TERRITORY SYSTEM: _realLoopTime was 10.009"
"A3W - 0 baseparts and objects have been saved with extDB"
"TERRITORY SYSTEM: _realLoopTime was 10.002"
"TERRITORY SYSTEM: _realLoopTime was 10.017"
"TERRITORY SYSTEM: _realLoopTime was 10.018"
"A3W - 0 vehicles have been saved with extDB"
"TERRITORY SYSTEM: _realLoopTime was 10.007"
"TERRITORY SYSTEM: _realLoopTime was 10.005"
"TERRITORY SYSTEM: _realLoopTime was 10.011"
"A3W - 0 baseparts and objects have been saved with extDB"
"TERRITORY SYSTEM: _realLoopTime was 10.002"
"TERRITORY SYSTEM: _realLoopTime was 10.002"
"TERRITORY SYSTEM: _realLoopTime was 10.008"
"A3W - 0 vehicles have been saved with extDB"
"TERRITORY SYSTEM: _realLoopTime was 10.008"
"TERRITORY SYSTEM: _realLoopTime was 10.011"
"TERRITORY SYSTEM: _realLoopTime was 10.08"
"A3W - 0 baseparts and objects have been saved with extDB"
"TERRITORY SYSTEM: _realLoopTime was 10.012"
"TERRITORY SYSTEM: _realLoopTime was 10.001"
"TERRITORY SYSTEM: _realLoopTime was 10.006"
"A3W - 1 vehicles have been saved with extDB"
"TERRITORY SYSTEM: _realLoopTime was 10.016"
"TERRITORY SYSTEM: _realLoopTime was 10.008"
"TERRITORY SYSTEM: _realLoopTime was 10.005"
"SERVER CLEANUP: Deleted 0 expired objects"
"SERVER CLEANUP: Deleted 0 empty groups"
"A3W - 0 baseparts and objects have been saved with extDB"
Client: Object 3:54 (type Type_92) not found.
Client: Object 3:54 (type Type_91) not found.
Client: Object 3:54 (type Type_427) not found.
Client: Object 3:53 (type Type_92) not found.
Ragdoll - loading of ragdoll source "Soldier" started.
Ragdoll - loading of ragdoll source "Soldier" finished successfully.
"WASTELAND SERVER - Side Mission started: Truck Convoy"
"TERRITORY SYSTEM: _realLoopTime was 10.011"
Performance warning: SimpleSerialization::Write 'messageSystem' is using type of ',TEXT' which is not optimized by simple serialization, falling back to generic serialization, use generic type or ask for optimizations for these types
"WASTELAND SERVER - Side Mission waiting to be finished: Truck Convoy"
Performance warning: SimpleSerialization::Read 'messageSystem' is using type of ,'TEXT' which is not optimized by simple serialization, falling back to generic serialization, use generic type or ask for optimizations for these types
"TERRITORY SYSTEM: _realLoopTime was 10.001"
Server: Object 3:58 not found (message Type_120)
Server: Object 3:60 not found (message Type_92)
Server: Object 3:61 not found (message Type_427)
Server: Object 3:62 not found (message Type_120)
"WASTELAND SERVER - Side Mission 2 started: Supply Truck"
No speaker given for Samuel Smith
No speaker given for Gamba Sesse-Seko
No speaker given for Jammie Wood
No speaker given for Kirabo Odili
No speaker given for Idi Tinibu
Performance warning: SimpleSerialization::Write 'messageSystem' is using type of ',TEXT' which is not optimized by simple serialization, falling back to generic serialization, use generic type or ask for optimizations for these types
"WASTELAND SERVER - Side Mission 2 waiting to be finished: Supply Truck"
Performance warning: SimpleSerialization::Read 'messageSystem' is using type of ,'TEXT' which is not optimized by simple serialization, falling back to generic serialization, use generic type or ask for optimizations for these types
"TERRITORY SYSTEM: _realLoopTime was 10.028"
"A3W - 0 vehicles have been saved with extDB"
"TERRITORY SYSTEM: _realLoopTime was 10.007"
"TERRITORY SYSTEM: _realLoopTime was 10.014"
"TERRITORY SYSTEM: _realLoopTime was 10.012"
"A3W - 0 baseparts and objects have been saved with extDB"
"[extDB2] Sleep [4]: 564.468"
"TERRITORY SYSTEM: _realLoopTime was 10.004"
"TERRITORY SYSTEM: _realLoopTime was 10.015"
"TERRITORY SYSTEM: _realLoopTime was 10.005"
"A3W - 1 vehicles have been saved with extDB"
"TERRITORY SYSTEM: _realLoopTime was 10.014"
"TERRITORY SYSTEM: _realLoopTime was 10.015"
"TERRITORY SYSTEM: _realLoopTime was 10.012"
"A3W - 0 baseparts and objects have been saved with extDB"
"TERRITORY SYSTEM: _realLoopTime was 10.001"
"TERRITORY SYSTEM: _realLoopTime was 10.003"
"TERRITORY SYSTEM: _realLoopTime was 10.009"
"TERRITORY SYSTEM: _realLoopTime was 10.016"
"A3W - 1 vehicles have been saved with extDB"
"TERRITORY SYSTEM: _realLoopTime was 10.011"
"TERRITORY SYSTEM: _realLoopTime was 10.007"
"TERRITORY SYSTEM: _realLoopTime was 10.013"
"A3W - 0 baseparts and objects have been saved with extDB"
"TERRITORY SYSTEM: _realLoopTime was 10.001"
"TERRITORY SYSTEM: _realLoopTime was 10.005"
Road not found
"TERRITORY SYSTEM: _realLoopTime was 10.002"
"A3W - 1 vehicles have been saved with extDB"
"TERRITORY SYSTEM: _realLoopTime was 10.001"
"TERRITORY SYSTEM: _realLoopTime was 10.019"
"TERRITORY SYSTEM: _realLoopTime was 10.013"
"A3W - 0 baseparts and objects have been saved with extDB"
"TERRITORY SYSTEM: _realLoopTime was 10.001"
"TERRITORY SYSTEM: _realLoopTime was 10.02"
"TERRITORY SYSTEM: _realLoopTime was 10.0099"
"A3W - 1 vehicles have been saved with extDB"
"TERRITORY SYSTEM: _realLoopTime was 10.015"
"WASTELAND SERVER - Main Mission started: Infantry Fighting Vehicle"
class HitPoints::HitFuel not found in B_APC_Tracked_01_rcws_F
No speaker given for Katungi Ibori
No speaker given for Imre Tinibu
No speaker given for Lu Yeo
No speaker given for Oliver Kirby
"TERRITORY SYSTEM: _realLoopTime was 10.083"
Performance warning: SimpleSerialization::Write 'messageSystem' is using type of ',TEXT' which is not optimized by simple serialization, falling back to generic serialization, use generic type or ask for optimizations for these types
"WASTELAND SERVER - Main Mission waiting to be finished: Infantry Fighting Vehicle"
Performance warning: SimpleSerialization::Read 'messageSystem' is using type of ,'TEXT' which is not optimized by simple serialization, falling back to generic serialization, use generic type or ask for optimizations for these types
"TERRITORY SYSTEM: _realLoopTime was 9.99799"
"SERVER CLEANUP: Deleted 0 expired objects"
"SERVER CLEANUP: Deleted 1 empty groups"
"A3W - 0 baseparts and objects have been saved with extDB"
"WASTELAND SERVER - Main Mission 2 started: Armed Helicopter"
No speaker given for Gula Sekibo
No speaker given for Kirabo Mbanefo
No speaker given for Gamba Osmani
No speaker given for Ali Azikiwe
No speaker given for Kirabo Zambo
No speaker given for William Jackson
Performance warning: SimpleSerialization::Write 'messageSystem' is using type of ',TEXT' which is not optimized by simple serialization, falling back to generic serialization, use generic type or ask for optimizations for these types
Performance warning: SimpleSerialization::Read 'messageSystem' is using type of ,'TEXT' which is not optimized by simple serialization, falling back to generic serialization, use generic type or ask for optimizations for these types
"WASTELAND SERVER - Main Mission 2 waiting to be finished: Armed Helicopter"
"TERRITORY SYSTEM: _realLoopTime was 10.005"
"TERRITORY SYSTEM: _realLoopTime was 10.015"
"TERRITORY SYSTEM: _realLoopTime was 10.017"
"A3W - 1 vehicles have been saved with extDB"
"TERRITORY SYSTEM: _realLoopTime was 9.992"
"TERRITORY SYSTEM: _realLoopTime was 10.008"
"TERRITORY SYSTEM: _realLoopTime was 10.009"
"A3W - 0 baseparts and objects have been saved with extDB"
"TERRITORY SYSTEM: _realLoopTime was 10.011"
"TERRITORY SYSTEM: _realLoopTime was 10.014"
"TERRITORY SYSTEM: _realLoopTime was 10.011"
"A3W - 1 vehicles have been saved with extDB"
"TERRITORY SYSTEM: _realLoopTime was 10.017"
"TERRITORY SYSTEM: _realLoopTime was 10.002"
"TERRITORY SYSTEM: _realLoopTime was 10.006"
Performance warning: SimpleSerialization::Write 'messageSystem' is using type of ',TEXT' which is not optimized by simple serialization, falling back to generic serialization, use generic type or ask for optimizations for these types
"WASTELAND SERVER - Side Mission complete: Truck Convoy"
Performance warning: SimpleSerialization::Read 'messageSystem' is using type of ,'TEXT' which is not optimized by simple serialization, falling back to generic serialization, use generic type or ask for optimizations for these types
"WASTELAND SERVER - Side Mission waiting to run: mission_SunkenSupplies"
Performance warning: SimpleSerialization::Write 'messageSystem' is using type of ',TEXT' which is not optimized by simple serialization, falling back to generic serialization, use generic type or ask for optimizations for these types
Performance warning: SimpleSerialization::Read 'messageSystem' is using type of ,'TEXT' which is not optimized by simple serialization, falling back to generic serialization, use generic type or ask for optimizations for these types
"A3W - 0 baseparts and objects have been saved with extDB"
"TERRITORY SYSTEM: _realLoopTime was 10.149"
"TERRITORY SYSTEM: _realLoopTime was 9.99799"
"TERRITORY SYSTEM: _realLoopTime was 10.012"
"A3W - 1 vehicles have been saved with extDB"
"TERRITORY SYSTEM: _realLoopTime was 10.004"
"TERRITORY SYSTEM: _realLoopTime was 10.007"
"TERRITORY SYSTEM: _realLoopTime was 10.006"
"A3W - 0 baseparts and objects have been saved with extDB"
"TERRITORY SYSTEM: _realLoopTime was 10.01"
"TERRITORY SYSTEM: _realLoopTime was 10.01"
Client: Object 3:93 (type Type_92) not found.
Client: Object 3:93 (type Type_91) not found.
Client: Object 3:93 (type Type_427) not found.
"TERRITORY SYSTEM: _realLoopTime was 10.017"
"A3W - 0 vehicles have been saved with extDB"
"TERRITORY SYSTEM: _realLoopTime was 10.012"
"TERRITORY SYSTEM: _realLoopTime was 10.0131"
"TERRITORY SYSTEM: _realLoopTime was 10.005"
"TERRITORY SYSTEM: _realLoopTime was 10.001"
"A3W - 0 baseparts and objects have been saved with extDB"
"TERRITORY SYSTEM: _realLoopTime was 10.0081"
"TERRITORY SYSTEM: _realLoopTime was 10.0189"
"TERRITORY SYSTEM: _realLoopTime was 10.015"
"A3W - 0 vehicles have been saved with extDB"
"TERRITORY SYSTEM: _realLoopTime was 10.016"
"WASTELAND SERVER - Money Mission started: Sunken Treasure"
Performance warning: SimpleSerialization::Write 'messageSystem' is using type of ',TEXT' which is not optimized by simple serialization, falling back to generic serialization, use generic type or ask for optimizations for these types
"WASTELAND SERVER - Money Mission waiting to be finished: Sunken Treasure"
Performance warning: SimpleSerialization::Read 'messageSystem' is using type of ,'TEXT' which is not optimized by simple serialization, falling back to generic serialization, use generic type or ask for optimizations for these types
"TERRITORY SYSTEM: _realLoopTime was 10.017"
"WASTELAND SERVER - Money Mission 2 started: Small Money Shipment"
Performance warning: SimpleSerialization::Write 'messageSystem' is using type of ',TEXT' which is not optimized by simple serialization, falling back to generic serialization, use generic type or ask for optimizations for these types
"WASTELAND SERVER - Money Mission 2 waiting to be finished: Small Money Shipment"
Performance warning: SimpleSerialization::Read 'messageSystem' is using type of ,'TEXT' which is not optimized by simple serialization, falling back to generic serialization, use generic type or ask for optimizations for these types
"TERRITORY SYSTEM: _realLoopTime was 10.019"
"SERVER CLEANUP: Deleted 0 expired objects"
"SERVER CLEANUP: Deleted 0 empty groups"
"A3W - 0 baseparts and objects have been saved with extDB"
"TERRITORY SYSTEM: _realLoopTime was 10.0081"
"TERRITORY SYSTEM: _realLoopTime was 10.0149"
"TERRITORY SYSTEM: _realLoopTime was 10.004"
"A3W - 0 vehicles have been saved with extDB"
"TERRITORY SYSTEM: _realLoopTime was 10.004"
"TERRITORY SYSTEM: _realLoopTime was 10.021"
"TERRITORY SYSTEM: _realLoopTime was 10.0229"
"A3W - 0 baseparts and objects have been saved with extDB"
"TERRITORY SYSTEM: _realLoopTime was 10.005"
"TERRITORY SYSTEM: _realLoopTime was 10.0121"
"TERRITORY SYSTEM: _realLoopTime was 10.0139"
"A3W - 0 vehicles have been saved with extDB"
"TERRITORY SYSTEM: _realLoopTime was 10.015"
"TERRITORY SYSTEM: _realLoopTime was 10.0181"
"WASTELAND SERVER - Side Mission started: Sunken Supplies"
Performance warning: SimpleSerialization::Write 'messageSystem' is using type of ',TEXT' which is not optimized by simple serialization, falling back to generic serialization, use generic type or ask for optimizations for these types
"WASTELAND SERVER - Side Mission waiting to be finished: Sunken Supplies"
Performance warning: SimpleSerialization::Read 'messageSystem' is using type of ,'TEXT' which is not optimized by simple serialization, falling back to generic serialization, use generic type or ask for optimizations for these types
"TERRITORY SYSTEM: _realLoopTime was 10.01"
"A3W - 0 baseparts and objects have been saved with extDB"
"TERRITORY SYSTEM: _realLoopTime was 10.0029"
"TERRITORY SYSTEM: _realLoopTime was 10.016"
"TERRITORY SYSTEM: _realLoopTime was 10.0131"
"A3W - 0 vehicles have been saved with extDB"
"TERRITORY SYSTEM: _realLoopTime was 10.006"
"TERRITORY SYSTEM: _realLoopTime was 10.017"
"TERRITORY SYSTEM: _realLoopTime was 10.0081"
"A3W - 0 baseparts and objects have been saved with extDB"
"TERRITORY SYSTEM: _realLoopTime was 10.016"
"TERRITORY SYSTEM: _realLoopTime was 10.007"
"TERRITORY SYSTEM: _realLoopTime was 10.0031"
"A3W - 0 vehicles have been saved with extDB"
"TERRITORY SYSTEM: _realLoopTime was 10.005"
EPE manager release (49|275|0)
Number of actors in scene after release: 49
EPE manager release (0|49|0)
Deinitialized shape [Class: "Underwear_F"; Shape: "a3\characters_f\common\basicbody.p3d";]
Deinitialized shape [Class: "I_G_Soldier_LAT_F"; Shape: "a3\characters_f_bootcamp\guerrilla\ig_guerrilla_6_1.p3d";]
Deinitialized shape [Class: "I_G_Soldier_F"; Shape: "a3\characters_f_gamma\guerrilla\ig_guerrilla1_1.p3d";]
Deinitialized shape [Class: "B_recon_F"; Shape: "a3\characters_f\blufor\b_soldier_01.p3d";]
Deinitialized shape [Class: "B_Soldier_F"; Shape: "a3\characters_f\blufor\b_soldier_01.p3d";]
Deinitialized shape [Class: "B_soldier_AR_F"; Shape: "a3\characters_f\blufor\b_soldier_02.p3d";]
Deinitialized shape [Class: "B_Soldier_SL_F"; Shape: "a3\characters_f\blufor\b_soldier_03.p3d";]
Deinitialized shape [Class: "I_engineer_F"; Shape: "a3\characters_f_beta\indep\ia_soldier_01.p3d";]
Deinitialized shape [Class: "I_soldier_F"; Shape: "a3\characters_f_beta\indep\ia_soldier_01.p3d";]
Deinitialized shape [Class: "O_recon_F"; Shape: "a3\characters_f\opfor\o_soldier_01.p3d";]
Deinitialized shape [Class: "C_man_polo_5_F"; Shape: "a3\characters_f\civil\c_poloshirt.p3d";]
Deinitialized shape [Class: "C_man_polo_1_F"; Shape: "a3\characters_f\civil\c_poloshirt.p3d";]
Deinitialized shape [Class: "C_man_polo_3_F"; Shape: "a3\characters_f\civil\c_poloshirt.p3d";]
Deinitialized shape [Class: "C_man_polo_6_F"; Shape: "a3\characters_f\civil\c_poloshirt.p3d";]
Deinitialized shape [Class: "C_man_polo_4_F"; Shape: "a3\characters_f\civil\c_poloshirt.p3d";]
Deinitialized shape [Class: "C_man_polo_2_F_euro"; Shape: "a3\characters_f\civil\c_poloshirt.p3d";]
Deinitialized shape [Class: "C_man_polo_2_F"; Shape: "a3\characters_f\civil\c_poloshirt.p3d";]
Deinitialized shape [Class: "C_man_polo_1_F_afro"; Shape: "a3\characters_f\civil\c_poloshirt.p3d";]
Deinitialized shape [Class: "C_man_polo_5_F_euro"; Shape: "a3\characters_f\civil\c_poloshirt.p3d";]
Deinitialized shape [Class: "C_man_polo_4_F_afro"; Shape: "a3\characters_f\civil\c_poloshirt.p3d";]
Deinitialized shape [Class: "C_man_polo_1_F_asia"; Shape: "a3\characters_f\civil\c_poloshirt.p3d";]
Deinitialized shape [Class: "C_man_polo_1_F_euro"; Shape: "a3\characters_f\civil\c_poloshirt.p3d";]
Deinitialized shape [Class: "C_man_polo_5_F_afro"; Shape: "a3\characters_f\civil\c_poloshirt.p3d";]
Deinitialized shape [Class: "C_man_polo_2_F_afro"; Shape: "a3\characters_f\civil\c_poloshirt.p3d";]
Deinitialized shape [Class: "C_man_polo_6_F_afro"; Shape: "a3\characters_f\civil\c_poloshirt.p3d";]
Deinitialized shape [Class: "C_man_polo_4_F_euro"; Shape: "a3\characters_f\civil\c_poloshirt.p3d";]
Deinitialized shape [Class: "B_diver_F"; Shape: "a3\characters_f\common\diver_slotable.p3d";]
Deinitialized shape [Class: "I_G_Soldier_M_F"; Shape: "a3\characters_f_gamma\guerrilla\ig_guerrilla3_1.p3d";]
Deinitialized shape [Class: "I_G_medic_F"; Shape: "a3\characters_f_gamma\guerrilla\ig_guerrilla2_1.p3d";]
Deinitialized shape [Class: "I_G_Soldier_AR_F"; Shape: "a3\characters_f_gamma\guerrilla\ig_guerrilla2_1.p3d";]
Deinitialized shape [Class: "I_G_engineer_F"; Shape: "a3\characters_f_gamma\guerrilla\ig_guerrilla2_1.p3d";]
Deinitialized shape [Class: "I_Soldier_lite_F"; Shape: "a3\characters_f_beta\indep\ia_soldier_02.p3d";]
Deinitialized shape [Class: "C_man_1_1_F"; Shape: "a3\characters_f\civil\c_citizen1.p3d";]
Deinitialized shape [Class: "B_Competitor_F"; Shape: "a3\characters_f\civil\c_poloshirtpants.p3d";]
c:\w\stable\futura\lib\network\networkserver.cpp ClearNetServer:NOT IMPLEMENTED - briefing!
Error: weapon [bipod_01_F_snd] still has its shape, ref_count=26
Error: weapon [bipod_01_F_blk] still has its shape, ref_count=8
Error: weapon [bipod_02_F_hex] still has its shape, ref_count=1
Class Default destroyed with lock count 3
Class Library destroyed with lock count 3
Class GunFire destroyed with lock count 3
Class Table destroyed with lock count 3
Class T0 destroyed with lock count 3
Class T1 destroyed with lock count 3
Class T2 destroyed with lock count 3
Class T3 destroyed with lock count 3
Class T4 destroyed with lock count 3
Class T5 destroyed with lock count 3
Class T6 destroyed with lock count 3
Class T7 destroyed with lock count 3
Class T8 destroyed with lock count 3
Class T9 destroyed with lock count 3
Class T10 destroyed with lock count 3
Class T11 destroyed with lock count 3
Class T12 destroyed with lock count 3
Class T13 destroyed with lock count 3
Class T14 destroyed with lock count 3
Class T15 destroyed with lock count 3
Class T16 destroyed with lock count 3
Class T17 destroyed with lock count 3
Class T18 destroyed with lock count 3
Class T19 destroyed with lock count 3
Class T20 destroyed with lock count 3
Class T21 destroyed with lock count 3
Class T22 destroyed with lock count 3
Class GunClouds destroyed with lock count 3
Class Table destroyed with lock count 3
Class T0 destroyed with lock count 3
Class ItemCore destroyed with lock count 3
Class Armory destroyed with lock count 3
Class InventoryItem_Base_F destroyed with lock count 4
Class InventoryUnderItem_Base_F destroyed with lock count 4
Class bipod_01_F_snd destroyed with lock count 3
Class ItemInfo destroyed with lock count 6
Class bipod_01_F_blk destroyed with lock count 1
Class bipod_02_F_blk destroyed with lock count 1
Class ItemInfo destroyed with lock count 2
Class bipod_02_F_hex destroyed with lock count 1
Extensions:
  extDB2 (.\extDB2.dll) [63.0.0.0] [63.0.0.0]

