=====================================================================
== C:\Users\Jake\Desktop\Wasteland\ArmA_III_Server\arma3server.exe
== "C:\Users\Jake\Desktop\Wasteland\ArmA_III_Server\arma3server.exe"  -port=2302 "-config=C:\Users\Jake\Desktop\Wasteland\ArmA_III_Server\TADST\default\TADST_config.cfg" "-cfg=C:\Users\Jake\Desktop\Wasteland\ArmA_III_Server\TADST\default\TADST_basic.cfg" "-profiles=C:\Users\Jake\Desktop\Wasteland\ArmA_III_Server\TADST\default" -name=default -filePatching "-mod=curator;heli;kart;mark"

Original output filename: Arma3Retail_Server
Exe timestamp: 2016/06/01 14:49:01
Current time:  2016/06/26 18:24:38

Type: Public
Build: Stable
Version: 1.60.136470

Allocator: C:\Users\Jake\Desktop\Wasteland\ArmA_III_Server\dll\tbb4malloc_bi.dll
=====================================================================

18:24:38 SteamAPI initialization failed. Steam features wont's be accessible!
18:24:38 Cannot register unknown string STR_MULTI_TITLE_OFFICIAL_SERVERS
18:24:39 Initializing stats manager.
18:24:39 Stats config disabled.
18:24:39 sessionID: 0007f2c3afba49d42d7872ad0bf45844bbab9b9d
18:24:53 Updating base class RscShortcutButton->RscButton, by a3\editor_f\config.bin/RscDisplayEditObject/Controls/B_OK/
18:24:53 Updating base class RscSliderH->RscXSliderH, by a3\editor_f\config.bin/RscDisplayEditObject/Slider/
18:24:53 Updating base class RscText->RscPicture, by a3\editor_f\config.bin/RscDisplayEditObject/Preview/
18:24:53 Updating base class RscShortcutButton->RscButton, by a3\editor_f\config.bin/RscDisplayMissionLoad/Controls/B_OK/
18:24:53 Updating base class RscShortcutButton->RscButton, by a3\editor_f\config.bin/RscDisplayMissionSave/Controls/B_OK/
18:24:53 Updating base class BlendAnims->, by a3\anims_f\config\sdr\weaponswitching\config.bin/CfgMovesMaleSdr/BlendAnims/
18:24:53 Updating base class ->RscControlsGroup, by a3\ui_f\config.bin/RscControlsGroupNoScrollbars/
18:24:53 Updating base class ->RscControlsGroup, by a3\ui_f\config.bin/RscControlsGroupNoHScrollbars/
18:24:53 Updating base class ->RscControlsGroup, by a3\ui_f\config.bin/RscControlsGroupNoVScrollbars/
18:24:53 Updating base class ->RscText, by a3\ui_f\config.bin/RscLine/
18:24:53 Updating base class ->RscActiveText, by a3\ui_f\config.bin/RscActivePicture/
18:24:53 Updating base class ->RscButton, by a3\ui_f\config.bin/RscButtonTextOnly/
18:24:53 Updating base class ->RscShortcutButton, by a3\ui_f\config.bin/RscShortcutButtonMain/
18:24:53 Updating base class ->RscShortcutButton, by a3\ui_f\config.bin/RscButtonEditor/
18:24:53 Updating base class ->RscShortcutButton, by a3\ui_f\config.bin/RscIGUIShortcutButton/
18:24:53 Updating base class ->RscShortcutButton, by a3\ui_f\config.bin/RscGearShortcutButton/
18:24:53 Updating base class ->RscShortcutButton, by a3\ui_f\config.bin/RscButtonMenu/
18:24:53 Updating base class ->RscButtonMenu, by a3\ui_f\config.bin/RscButtonMenuOK/
18:24:53 Updating base class ->RscButtonMenu, by a3\ui_f\config.bin/RscButtonMenuCancel/
18:24:53 Updating base class ->RscButtonMenu, by a3\ui_f\config.bin/RscButtonMenuSteam/
18:24:53 Updating base class ->RscText, by a3\ui_f\config.bin/RscLoadingText/
18:24:53 Updating base class ->RscListBox, by a3\ui_f\config.bin/RscIGUIListBox/
18:24:53 Updating base class ->RscListNBox, by a3\ui_f\config.bin/RscIGUIListNBox/
18:24:53 Updating base class ->RscText, by a3\ui_f\config.bin/RscBackground/
18:24:53 Updating base class ->RscText, by a3\ui_f\config.bin/RscBackgroundGUI/
18:24:53 Updating base class ->RscPicture, by a3\ui_f\config.bin/RscBackgroundGUILeft/
18:24:53 Updating base class ->RscPicture, by a3\ui_f\config.bin/RscBackgroundGUIRight/
18:24:53 Updating base class ->RscPicture, by a3\ui_f\config.bin/RscBackgroundGUIBottom/
18:24:53 Updating base class ->RscText, by a3\ui_f\config.bin/RscBackgroundGUITop/
18:24:53 Updating base class ->RscText, by a3\ui_f\config.bin/RscBackgroundGUIDark/
18:24:53 Updating base class ->RscPictureKeepAspect, by a3\ui_f\config.bin/RscBackgroundLogo/
18:24:53 Updating base class ->RscMapControl, by a3\ui_f\config.bin/RscMapControlEmpty/
18:24:53 Updating base class ->RscPicture, by a3\ui_f\config.bin/CA_Mainback/
18:24:53 Updating base class ->CA_Mainback, by a3\ui_f\config.bin/CA_Back/
18:24:53 Updating base class ->CA_Mainback, by a3\ui_f\config.bin/CA_Title_Back/
18:24:53 Updating base class ->CA_Mainback, by a3\ui_f\config.bin/CA_Black_Back/
18:24:53 Updating base class ->RscTitle, by a3\ui_f\config.bin/CA_Title/
18:24:53 Updating base class ->RscPictureKeepAspect, by a3\ui_f\config.bin/CA_Logo/
18:24:53 Updating base class ->CA_Logo, by a3\ui_f\config.bin/CA_Logo_Small/
18:24:53 Updating base class ->RscButton, by a3\ui_f\config.bin/CA_RscButton/
18:24:53 Updating base class ->CA_RscButton, by a3\ui_f\config.bin/CA_RscButton_dialog/
18:24:53 Updating base class ->RscActiveText, by a3\ui_f\config.bin/CA_Ok/
18:24:53 Updating base class ->RscText, by a3\ui_f\config.bin/CA_Ok_image/
18:24:53 Updating base class ->RscText, by a3\ui_f\config.bin/CA_Ok_image2/
18:24:53 Updating base class ->RscText, by a3\ui_f\config.bin/CA_Ok_text/
18:24:53 Updating base class ->RscPicture, by a3\ui_f\config.bin/RscVignette/
18:24:53 Updating base class ->RscControlsGroupNoScrollbars, by a3\ui_f\config.bin/RscMapControlTooltip/
18:24:53 Updating base class RscUnitInfo->RscUnitInfoAirNoWeapon, by a3\ui_f\config.bin/RscInGameUI/RscUnitInfoAir/
18:24:53 Updating base class RscControlsGroup->RscControlsGroupNoScrollbars, by a3\ui_f\config.bin/RscInGameUI/RscTaskOverview/controls/TaskOverviewAssigned/
18:24:53 Updating base class RscShortcutButton->RscButtonMenu, by a3\ui_f\config.bin/RscDisplayDebug/Controls/B_OK/
18:24:53 Updating base class RscShortcutButton->RscButtonMenu, by a3\ui_f\config.bin/RscDisplayDebug/Controls/B_Cancel/
18:24:53 Updating base class RscShortcutButton->RscButtonMenu, by a3\ui_f\config.bin/RscDisplayDebug/Controls/B_Clear/
18:24:53 Updating base class ->RscText, by a3\ui_f\config.bin/RscDisplayCapture/controls/TimeLines/
18:24:53 Updating base class RscShortcutButton->RscButtonMenu, by a3\ui_f\config.bin/RscDisplayCapture/controls/ButtonAverages/
18:24:53 Updating base class RscShortcutButton->RscButtonMenu, by a3\ui_f\config.bin/RscDisplayCapture/controls/ButtonSavePreviousData/
18:24:53 Updating base class RscShortcutButton->RscButtonMenu, by a3\ui_f\config.bin/RscDisplayCapture/controls/ButtonPreviousData/
18:24:53 Updating base class RscControlsGroup->RscControlsGroupNoHScrollbars, by a3\ui_f\config.bin/RscDisplayMain/controls/ModIcons/
18:24:53 Updating base class RscPicture->RscPictureKeepAspect, by a3\ui_f\config.bin/RscDisplayMain/IconPicture/
18:24:53 Updating base class IconPicture->RscPictureKeepAspect, by a3\ui_f\config.bin/RscDisplayMain/DlcOwnedIconPicture/
18:24:53 Updating base class IconPicture->RscPictureKeepAspect, by a3\ui_f\config.bin/RscDisplayMain/DlcIconPicture/
18:24:53 Updating base class RscListBox->RscCombo, by a3\ui_f\config.bin/RscDisplayCustomizeController/Steepness/
18:24:53 Updating base class ->RscStandardDisplay, by a3\ui_f\config.bin/RscDisplayControlSchemes/
18:24:53 Updating base class ButtonOK->RscButtonMenuCancel, by a3\ui_f\config.bin/RscDisplayControlSchemes/controls/ButtonCancel/
18:24:53 Updating base class RscButton->RscButtonMenuOK, by a3\ui_f\config.bin/RscDisplayControlSchemes/controls/ButtonOK/
18:24:53 Updating base class RscPicture->RscPictureKeepAspect, by a3\ui_f\config.bin/RscDisplayFileSelectImage/controls/OverviewPicture/
18:24:53 Updating base class RscShortcutButton->RscButtonMenuCancel, by a3\ui_f\config.bin/RscDisplayFieldManual/controls/ButtonCancel/
18:24:53 Cannot delete class B_KickOff, it is referenced somewhere (used as a base class probably).
18:24:53 Updating base class RscButton->RscButtonMenuCancel, by a3\ui_f\config.bin/RscDisplayPublishMission/controls/ButtonCancel/
18:24:53 Updating base class RscShortcutButton->RscButtonMenuOK, by a3\ui_f\config.bin/RscDisplayPublishMissionSelectTags/controls/ButtonOK/
18:24:53 Updating base class ButtonOK->RscButtonMenuCancel, by a3\ui_f\config.bin/RscDisplayPublishMissionSelectTags/controls/ButtonCancel/
18:24:53 Updating base class ->RscSubmenu, by a3\ui_f\config.bin/RscMainMenu/
18:24:53 Cannot update non class from class a3\ui_f\config.bin/RscCallSupport/Items/
18:24:53 Cannot update non class from class a3\ui_f\config.bin/RscRadio/Items/
18:24:53 Updating base class ->DistanceClose, by a3\ui_f\config.bin/CfgSimpleTasks/Icon3D/DistanceMid/
18:24:53 Updating base class ->DistanceClose, by a3\ui_f\config.bin/CfgSimpleTasks/Icon3D/DistanceLong/
18:24:53 Updating base class ->All, by a3\sounds_f\config.bin/CfgVehicles/Sound/
18:24:53 Updating base class ->BlendAnims, by a3\soft_f_kart\kart_01\config.bin/CfgMovesMaleSdr/BlendAnims/
18:24:53 Updating base class RscText->ctrlStaticBackgroundDisable, by a3\3den\config.bin/RscDisplayOptionsAudio/ControlsBackground/BackgroundDisable/
18:24:53 Updating base class RscText->ctrlStaticBackgroundDisableTiles, by a3\3den\config.bin/RscDisplayOptionsAudio/ControlsBackground/BackgroundDisableTiles/
18:24:53 Updating base class RscText->ctrlStaticBackgroundDisable, by a3\3den\config.bin/RscDisplayConfigure/ControlsBackground/BackgroundDisable/
18:24:53 Updating base class RscText->ctrlStaticBackgroundDisableTiles, by a3\3den\config.bin/RscDisplayConfigure/ControlsBackground/BackgroundDisableTiles/
18:24:53 Updating base class RscText->ctrlStaticBackgroundDisable, by a3\3den\config.bin/RscDisplayConfigureAction/ControlsBackground/BackgroundDisable/
18:24:53 Updating base class RscText->ctrlStaticBackgroundDisableTiles, by a3\3den\config.bin/RscDisplayConfigureAction/ControlsBackground/BackgroundDisableTiles/
18:24:53 Updating base class RscText->ctrlStaticBackgroundDisable, by a3\3den\config.bin/RscDisplayConfigureControllers/ControlsBackground/BackgroundDisable/
18:24:53 Updating base class RscText->ctrlStaticBackgroundDisableTiles, by a3\3den\config.bin/RscDisplayConfigureControllers/ControlsBackground/BackgroundDisableTiles/
18:24:53 Updating base class RscText->ctrlStaticBackgroundDisable, by a3\3den\config.bin/RscDisplayGameOptions/ControlsBackground/BackgroundDisable/
18:24:53 Updating base class RscText->ctrlStaticBackgroundDisableTiles, by a3\3den\config.bin/RscDisplayGameOptions/ControlsBackground/BackgroundDisableTiles/
18:24:53 Updating base class controls->, by a3\3den\config.bin/RscDisplayArcadeMap_Layout_2/Controls/
18:24:53 Updating base class controls->, by a3\3den\config.bin/RscDisplayArcadeMap_Layout_6/Controls/
18:24:54 Initializing Steam Manager
18:24:54 Steam Manager initialized.
18:24:54 
18:24:54 ==== Loaded addons ====
18:24:54 
18:24:54 dta\bin.pbo - unknown
18:24:54 dta\core.pbo - 98397
18:24:54 dta\languagecore_f.pbo - 100547
18:24:54 C:\Users\Jake\Desktop\Wasteland\ArmA_III_Server\mark\addons\anims_f_mark.pbo - 98395
18:24:54 C:\Users\Jake\Desktop\Wasteland\ArmA_III_Server\mark\addons\characters_f_mark.pbo - 99312
18:24:54 C:\Users\Jake\Desktop\Wasteland\ArmA_III_Server\mark\addons\data_f_mark.pbo - 99979
18:24:54 C:\Users\Jake\Desktop\Wasteland\ArmA_III_Server\mark\addons\dubbing_f_mark.pbo - 98398
18:24:54 C:\Users\Jake\Desktop\Wasteland\ArmA_III_Server\mark\addons\dubbing_f_mp_mark.pbo - 98398
18:24:54 C:\Users\Jake\Desktop\Wasteland\ArmA_III_Server\mark\addons\functions_f_mark.pbo - 98405
18:24:54 C:\Users\Jake\Desktop\Wasteland\ArmA_III_Server\mark\addons\functions_f_mp_mark.pbo - 98862
18:24:54 C:\Users\Jake\Desktop\Wasteland\ArmA_III_Server\mark\addons\languagemissions_f_mark.pbo - 100000
18:24:54 C:\Users\Jake\Desktop\Wasteland\ArmA_III_Server\mark\addons\languagemissions_f_mp_mark.pbo - 100003
18:24:54 C:\Users\Jake\Desktop\Wasteland\ArmA_III_Server\mark\addons\language_f_mark.pbo - 99993
18:24:54 C:\Users\Jake\Desktop\Wasteland\ArmA_III_Server\mark\addons\language_f_mp_mark.pbo - 99993
18:24:54 C:\Users\Jake\Desktop\Wasteland\ArmA_III_Server\mark\addons\missions_f_mark.pbo - 98422
18:24:54 C:\Users\Jake\Desktop\Wasteland\ArmA_III_Server\mark\addons\missions_f_mark_data.pbo - 98422
18:24:54 C:\Users\Jake\Desktop\Wasteland\ArmA_III_Server\mark\addons\missions_f_mark_video.pbo - 98437
18:24:54 C:\Users\Jake\Desktop\Wasteland\ArmA_III_Server\mark\addons\missions_f_mp_mark.pbo - 98422
18:24:54 C:\Users\Jake\Desktop\Wasteland\ArmA_III_Server\mark\addons\missions_f_mp_mark_data.pbo - 98422
18:24:54 C:\Users\Jake\Desktop\Wasteland\ArmA_III_Server\mark\addons\modules_f_mark.pbo - 98423
18:24:54 C:\Users\Jake\Desktop\Wasteland\ArmA_III_Server\mark\addons\modules_f_mp_mark.pbo - 98422
18:24:54 C:\Users\Jake\Desktop\Wasteland\ArmA_III_Server\mark\addons\music_f_mark.pbo - 98422
18:24:54 C:\Users\Jake\Desktop\Wasteland\ArmA_III_Server\mark\addons\music_f_mark_music.pbo - 98422
18:24:54 C:\Users\Jake\Desktop\Wasteland\ArmA_III_Server\mark\addons\sounds_f_mark.pbo - 98423
18:24:54 C:\Users\Jake\Desktop\Wasteland\ArmA_III_Server\mark\addons\static_f_mark.pbo - 98423
18:24:54 C:\Users\Jake\Desktop\Wasteland\ArmA_III_Server\mark\addons\structures_f_mark.pbo - 98423
18:24:54 C:\Users\Jake\Desktop\Wasteland\ArmA_III_Server\mark\addons\supplies_f_mark.pbo - 98423
18:24:54 C:\Users\Jake\Desktop\Wasteland\ArmA_III_Server\mark\addons\ui_f_mark.pbo - 98423
18:24:54 C:\Users\Jake\Desktop\Wasteland\ArmA_III_Server\mark\addons\ui_f_mp_mark.pbo - 98423
18:24:54 C:\Users\Jake\Desktop\Wasteland\ArmA_III_Server\mark\addons\weapons_f_mark.pbo - 98423
18:24:54 C:\Users\Jake\Desktop\Wasteland\ArmA_III_Server\kart\addons\anims_f_kart.pbo - 98395
18:24:54 C:\Users\Jake\Desktop\Wasteland\ArmA_III_Server\kart\addons\characters_f_kart.pbo - 98396
18:24:54 C:\Users\Jake\Desktop\Wasteland\ArmA_III_Server\kart\addons\data_f_kart.pbo - 98437
18:24:54 C:\Users\Jake\Desktop\Wasteland\ArmA_III_Server\kart\addons\languagemissions_f_kart.pbo - 99999
18:24:54 C:\Users\Jake\Desktop\Wasteland\ArmA_III_Server\kart\addons\language_f_kart.pbo - 99993
18:24:54 C:\Users\Jake\Desktop\Wasteland\ArmA_III_Server\kart\addons\missions_f_kart.pbo - 98437
18:24:54 C:\Users\Jake\Desktop\Wasteland\ArmA_III_Server\kart\addons\missions_f_kart_data.pbo - 98437
18:24:54 C:\Users\Jake\Desktop\Wasteland\ArmA_III_Server\kart\addons\modules_f_kart.pbo - 98422
18:24:54 C:\Users\Jake\Desktop\Wasteland\ArmA_III_Server\kart\addons\modules_f_kart_data.pbo - 98423
18:24:54 C:\Users\Jake\Desktop\Wasteland\ArmA_III_Server\kart\addons\soft_f_kart.pbo - 98423
18:24:54 C:\Users\Jake\Desktop\Wasteland\ArmA_III_Server\kart\addons\sounds_f_kart.pbo - 98423
18:24:54 C:\Users\Jake\Desktop\Wasteland\ArmA_III_Server\kart\addons\structures_f_kart.pbo - 98423
18:24:54 C:\Users\Jake\Desktop\Wasteland\ArmA_III_Server\kart\addons\ui_f_kart.pbo - 98423
18:24:54 C:\Users\Jake\Desktop\Wasteland\ArmA_III_Server\kart\addons\weapons_f_kart.pbo - 98423
18:24:54 C:\Users\Jake\Desktop\Wasteland\ArmA_III_Server\heli\addons\air_f_heli.pbo - 98395
18:24:54 C:\Users\Jake\Desktop\Wasteland\ArmA_III_Server\heli\addons\anims_f_heli.pbo - 98397
18:24:54 C:\Users\Jake\Desktop\Wasteland\ArmA_III_Server\heli\addons\boat_f_heli.pbo - 98395
18:24:54 C:\Users\Jake\Desktop\Wasteland\ArmA_III_Server\heli\addons\cargoposes_f_heli.pbo - 98395
18:24:54 C:\Users\Jake\Desktop\Wasteland\ArmA_III_Server\heli\addons\data_f_heli.pbo - 99982
18:24:54 C:\Users\Jake\Desktop\Wasteland\ArmA_III_Server\heli\addons\dubbing_f_heli.pbo - 98398
18:24:54 C:\Users\Jake\Desktop\Wasteland\ArmA_III_Server\heli\addons\functions_f_heli.pbo - 98403
18:24:54 C:\Users\Jake\Desktop\Wasteland\ArmA_III_Server\heli\addons\languagemissions_f_heli.pbo - 99996
18:24:54 C:\Users\Jake\Desktop\Wasteland\ArmA_III_Server\heli\addons\language_f_heli.pbo - 99993
18:24:54 C:\Users\Jake\Desktop\Wasteland\ArmA_III_Server\heli\addons\missions_f_heli.pbo - 98436
18:24:54 C:\Users\Jake\Desktop\Wasteland\ArmA_III_Server\heli\addons\missions_f_heli_data.pbo - 98437
18:24:54 C:\Users\Jake\Desktop\Wasteland\ArmA_III_Server\heli\addons\missions_f_heli_video.pbo - 98437
18:24:54 C:\Users\Jake\Desktop\Wasteland\ArmA_III_Server\heli\addons\modules_f_heli.pbo - 98422
18:24:54 C:\Users\Jake\Desktop\Wasteland\ArmA_III_Server\heli\addons\music_f_heli.pbo - 98423
18:24:54 C:\Users\Jake\Desktop\Wasteland\ArmA_III_Server\heli\addons\music_f_heli_music.pbo - 98423
18:24:54 C:\Users\Jake\Desktop\Wasteland\ArmA_III_Server\heli\addons\soft_f_heli.pbo - 98423
18:24:54 C:\Users\Jake\Desktop\Wasteland\ArmA_III_Server\heli\addons\sounds_f_heli.pbo - 98423
18:24:54 C:\Users\Jake\Desktop\Wasteland\ArmA_III_Server\heli\addons\structures_f_heli.pbo - 98423
18:24:54 C:\Users\Jake\Desktop\Wasteland\ArmA_III_Server\heli\addons\supplies_f_heli.pbo - 98423
18:24:54 C:\Users\Jake\Desktop\Wasteland\ArmA_III_Server\heli\addons\ui_f_heli.pbo - 98423
18:24:54 C:\Users\Jake\Desktop\Wasteland\ArmA_III_Server\curator\addons\data_f_curator.pbo - 99978
18:24:54 C:\Users\Jake\Desktop\Wasteland\ArmA_III_Server\curator\addons\functions_f_curator.pbo - 98402
18:24:54 C:\Users\Jake\Desktop\Wasteland\ArmA_III_Server\curator\addons\language_f_curator.pbo - 99992
18:24:54 C:\Users\Jake\Desktop\Wasteland\ArmA_III_Server\curator\addons\missions_f_curator.pbo - 99501
18:24:54 C:\Users\Jake\Desktop\Wasteland\ArmA_III_Server\curator\addons\modules_f_curator.pbo - 98422
18:24:54 C:\Users\Jake\Desktop\Wasteland\ArmA_III_Server\curator\addons\ui_f_curator.pbo - 100112
18:24:54 addons\3den.pbo - 99525
18:24:54 addons\3den_language.pbo - 99992
18:24:54 addons\a3.pbo - unknown
18:24:54 addons\air_f.pbo - 99988
18:24:54 addons\air_f_beta.pbo - 98395
18:24:54 addons\air_f_epb.pbo - 99941
18:24:54 addons\air_f_epc.pbo - 98395
18:24:54 addons\air_f_gamma.pbo - 98395
18:24:54 addons\animals_f.pbo - 98453
18:24:54 addons\animals_f_beta.pbo - 98395
18:24:54 addons\anims_f.pbo - 100288
18:24:54 addons\anims_f_bootcamp.pbo - 98395
18:24:54 addons\anims_f_data.pbo - 98480
18:24:54 addons\anims_f_epa.pbo - 98397
18:24:54 addons\anims_f_epc.pbo - 98397
18:24:54 addons\anims_f_exp_a.pbo - 98695
18:24:54 addons\armor_f.pbo - 98395
18:24:54 addons\armor_f_beta.pbo - 99591
18:24:54 addons\armor_f_epb.pbo - 98395
18:24:54 addons\armor_f_epc.pbo - 98395
18:24:54 addons\armor_f_gamma.pbo - 98395
18:24:54 addons\baseconfig_f.pbo - 99080
18:24:54 addons\boat_f.pbo - 98395
18:24:54 addons\boat_f_beta.pbo - 98395
18:24:54 addons\boat_f_epc.pbo - 98395
18:24:54 addons\boat_f_gamma.pbo - 98395
18:24:54 addons\cargoposes_f.pbo - 98395
18:24:54 addons\characters_f.pbo - 99496
18:24:54 addons\characters_f_beta.pbo - 98395
18:24:54 addons\characters_f_bootcamp.pbo - 98395
18:24:54 addons\characters_f_epa.pbo - 98395
18:24:54 addons\characters_f_epb.pbo - 98395
18:24:54 addons\characters_f_epc.pbo - 98395
18:24:54 addons\characters_f_gamma.pbo - 99374
18:24:54 addons\data_f.pbo - 99713
18:24:54 addons\data_f_bootcamp.pbo - 98437
18:24:54 addons\data_f_exp_a.pbo - 98437
18:24:54 addons\data_f_exp_b.pbo - 98643
18:24:54 addons\drones_f.pbo - 99942
18:24:54 addons\dubbing_f.pbo - 98398
18:24:54 addons\dubbing_f_beta.pbo - 98398
18:24:54 addons\dubbing_f_bootcamp.pbo - 98398
18:24:54 addons\dubbing_f_epa.pbo - 98398
18:24:54 addons\dubbing_f_epb.pbo - 98398
18:24:54 addons\dubbing_f_epc.pbo - 98398
18:24:54 addons\dubbing_f_gamma.pbo - 98398
18:24:54 addons\dubbing_radio_f.pbo - 99982
18:24:54 addons\dubbing_radio_f_data_eng.pbo - 99078
18:24:54 addons\dubbing_radio_f_data_engb.pbo - 99078
18:24:54 addons\dubbing_radio_f_data_gre.pbo - 99078
18:24:54 addons\dubbing_radio_f_data_per.pbo - 99078
18:24:54 addons\dubbing_radio_f_data_vr.pbo - 99078
18:24:54 addons\editorpreviews_f.pbo - 99556
18:24:54 addons\editor_f.pbo - 98402
18:24:54 addons\functions_f.pbo - 100265
18:24:54 addons\functions_f_bootcamp.pbo - 98790
18:24:54 addons\functions_f_epa.pbo - 98406
18:24:54 addons\functions_f_epc.pbo - 98406
18:24:54 addons\functions_f_exp_a.pbo - 98403
18:24:54 addons\languagemissions_f.pbo - 99993
18:24:54 addons\languagemissions_f_beta.pbo - 99993
18:24:54 addons\languagemissions_f_bootcamp.pbo - 99993
18:24:54 addons\languagemissions_f_epa.pbo - 99993
18:24:54 addons\languagemissions_f_epb.pbo - 99993
18:24:54 addons\languagemissions_f_epc.pbo - 99993
18:24:54 addons\languagemissions_f_exp_a.pbo - 99996
18:24:54 addons\languagemissions_f_gamma.pbo - 99995
18:24:54 addons\language_f.pbo - 100046
18:24:54 addons\language_f_beta.pbo - 99992
18:24:54 addons\language_f_bootcamp.pbo - 99992
18:24:54 addons\language_f_epa.pbo - 99992
18:24:54 addons\language_f_epb.pbo - 99992
18:24:54 addons\language_f_epc.pbo - 99992
18:24:54 addons\language_f_exp_a.pbo - 99993
18:24:54 addons\language_f_exp_b.pbo - 99993
18:24:54 addons\language_f_gamma.pbo - 99993
18:24:54 addons\map_altis.pbo - 100239
18:24:54 addons\map_altis_data.pbo - 99740
18:24:54 addons\map_altis_data_layers.pbo - 99901
18:24:54 addons\map_altis_data_layers_00_00.pbo - 99901
18:24:54 addons\map_altis_data_layers_00_01.pbo - 99901
18:24:54 addons\map_altis_data_layers_01_00.pbo - 99901
18:24:54 addons\map_altis_data_layers_01_01.pbo - 99901
18:24:54 addons\map_altis_scenes_f.pbo - 98766
18:24:54 addons\map_data.pbo - 100132
18:24:54 addons\map_stratis.pbo - 100234
18:24:54 addons\map_stratis_data.pbo - 98435
18:24:54 addons\map_stratis_data_layers.pbo - 98581
18:24:54 addons\map_stratis_scenes_f.pbo - 98774
18:24:54 addons\map_vr.pbo - 98784
18:24:54 addons\map_vr_scenes_f.pbo - 98782
18:24:54 addons\misc_f.pbo - 98416
18:24:54 addons\missions_f.pbo - 98436
18:24:54 addons\missions_f_beta.pbo - 98436
18:24:54 addons\missions_f_beta_data.pbo - 98436
18:24:54 addons\missions_f_beta_video.pbo - 98436
18:24:54 addons\missions_f_bootcamp.pbo - 98436
18:24:54 addons\missions_f_bootcamp_data.pbo - 98436
18:24:54 addons\missions_f_bootcamp_video.pbo - 98436
18:24:54 addons\missions_f_data.pbo - 98436
18:24:54 addons\missions_f_epa.pbo - 98893
18:24:54 addons\missions_f_epa_data.pbo - 98436
18:24:54 addons\missions_f_epa_video.pbo - 98436
18:24:54 addons\missions_f_epb.pbo - 98420
18:24:54 addons\missions_f_epb_data.pbo - 92728
18:24:54 addons\missions_f_epb_video.pbo - 73106
18:24:54 addons\missions_f_epc.pbo - 98420
18:24:54 addons\missions_f_epc_data.pbo - 84724
18:24:54 addons\missions_f_epc_video.pbo - 84725
18:24:54 addons\missions_f_exp_a.pbo - 99081
18:24:54 addons\missions_f_exp_a_data.pbo - 98702
18:24:54 addons\missions_f_gamma.pbo - 98436
18:24:54 addons\missions_f_gamma_data.pbo - 98436
18:24:54 addons\missions_f_gamma_video.pbo - 98436
18:24:54 addons\missions_f_video.pbo - 98436
18:24:54 addons\modules_f.pbo - 98663
18:24:54 addons\modules_f_beta.pbo - 98422
18:24:54 addons\modules_f_beta_data.pbo - 98422
18:24:54 addons\modules_f_bootcamp.pbo - 98422
18:24:54 addons\modules_f_data.pbo - 98422
18:24:54 addons\modules_f_epb.pbo - 98422
18:24:54 addons\modules_f_exp_a.pbo - 98459
18:24:54 addons\music_f.pbo - 98422
18:24:54 addons\music_f_bootcamp.pbo - 98422
18:24:54 addons\music_f_bootcamp_music.pbo - 98422
18:24:54 addons\music_f_epa.pbo - 98422
18:24:54 addons\music_f_epa_music.pbo - 98422
18:24:54 addons\music_f_epb.pbo - 98422
18:24:54 addons\music_f_epb_music.pbo - 98422
18:24:54 addons\music_f_epc.pbo - 98423
18:24:54 addons\music_f_epc_music.pbo - 98422
18:24:54 addons\music_f_music.pbo - 98423
18:24:54 addons\plants_f.pbo - 98423
18:24:54 addons\props_f_exp_a.pbo - 98443
18:24:54 addons\roads_f.pbo - 98423
18:24:54 addons\rocks_f.pbo - 99030
18:24:54 addons\signs_f.pbo - 99349
18:24:54 addons\soft_f.pbo - 98851
18:24:54 addons\soft_f_beta.pbo - 98423
18:24:54 addons\soft_f_bootcamp.pbo - 98423
18:24:54 addons\soft_f_epc.pbo - 98423
18:24:54 addons\soft_f_gamma.pbo - 99007
18:24:54 addons\sounds_f.pbo - 99745
18:24:54 addons\sounds_f_arsenal.pbo - 98423
18:24:54 addons\sounds_f_bootcamp.pbo - 98423
18:24:54 addons\sounds_f_characters.pbo - 98423
18:24:54 addons\sounds_f_environment.pbo - 98459
18:24:54 addons\sounds_f_epb.pbo - 98423
18:24:54 addons\sounds_f_epc.pbo - 98423
18:24:54 addons\sounds_f_exp_a.pbo - 98443
18:24:54 addons\sounds_f_sfx.pbo - 98423
18:24:54 addons\sounds_f_vehicles.pbo - 98423
18:24:54 addons\static_f.pbo - 99943
18:24:54 addons\static_f_beta.pbo - 98423
18:24:54 addons\static_f_gamma.pbo - 98423
18:24:54 addons\structures_f.pbo - 98423
18:24:54 addons\structures_f_bootcamp.pbo - 98423
18:24:54 addons\structures_f_data.pbo - 98423
18:24:54 addons\structures_f_epa.pbo - 99891
18:24:54 addons\structures_f_epb.pbo - 98423
18:24:54 addons\structures_f_epc.pbo - 98423
18:24:54 addons\structures_f_exp_a.pbo - 98423
18:24:54 addons\structures_f_households.pbo - 98423
18:24:54 addons\structures_f_ind.pbo - 98423
18:24:54 addons\structures_f_mil.pbo - 99557
18:24:54 addons\structures_f_wrecks.pbo - 98423
18:24:54 addons\uifonts_f.pbo - 98423
18:24:54 addons\uifonts_f_data.pbo - 98423
18:24:54 addons\ui_f.pbo - 100111
18:24:54 addons\ui_f_bootcamp.pbo - 98423
18:24:54 addons\ui_f_data.pbo - 99905
18:24:54 addons\ui_f_exp_a.pbo - 98443
18:24:54 addons\weapons_f.pbo - 99719
18:24:54 addons\weapons_f_beta.pbo - 98423
18:24:54 addons\weapons_f_bootcamp.pbo - 98423
18:24:54 addons\weapons_f_epa.pbo - 98423
18:24:54 addons\weapons_f_epb.pbo - 98423
18:24:54 addons\weapons_f_epc.pbo - 98424
18:24:54 addons\weapons_f_gamma.pbo - 98423
18:24:54 
18:24:54 =======================
18:24:54 
18:24:54 ============================================================================================= List of mods ===============================================================================================
18:24:54 modsReadOnly = true
18:24:54 safeModsActivated = false
18:24:54 customMods = false
18:24:54 hash = 'A8C688151ED5B306E7675E80CE00A64C904FFDC9'
18:24:54 hashShort = 'e7338d0'
18:24:54                                               name |               modDir |    default |               origin |                                     hash | hashShort | fullPath
18:24:54 ----------------------------------------------------------------------------------------------------------------------------------------------------------------------------------------------------------
18:24:54                                    Arma 3 Marksmen |                 mark |       true |             GAME DIR | 8a8bc2a7d7ad8251bcc82f29aea6d3f34ebffb3d |  1c11a244 | C:\Users\Jake\Desktop\Wasteland\ArmA_III_Server\mark
18:24:54                                       Arma 3 Karts |                 kart |       true |             GAME DIR | 41f70c200a668f39e52eedf55e0c6f494aef1903 |  c9867676 | C:\Users\Jake\Desktop\Wasteland\ArmA_III_Server\kart
18:24:54                                 Arma 3 Helicopters |                 heli |       true |             GAME DIR | 1614a75b4d3cceb5d296ca4101a589fba596aa5e |  9a800f11 | C:\Users\Jake\Desktop\Wasteland\ArmA_III_Server\heli
18:24:54                                        Arma 3 Zeus |              curator |       true |             GAME DIR | fb1eec1e78a39cd021a71a293ae4ae1e00c98686 |   44f886e | C:\Users\Jake\Desktop\Wasteland\ArmA_III_Server\curator
18:24:54                                  Arma 3 DLC Bundle |            dlcbundle |       true |            NOT FOUND |                                          |           | 
18:24:54                                             Arma 3 |                   A3 |       true |            NOT FOUND |                                          |           | 
18:24:54 ==========================================================================================================================================================================================================
18:24:54 InitSound ...
18:24:54 InitSound - complete
18:24:54 PhysX3 SDK Init started ...
18:24:54 PhysX3 SDK Init ended.
18:24:54 Preloaded texture GroupDir not found in bin\config.bin/CfgInGameUI/
18:24:55 Attempt to override final function - rscminimap_script
18:24:56 Attempt to override final function - rscdisplayloading_script
18:24:56 Attempt to override final function - rscdisplayloading_script
18:24:56 Attempt to override final function - rscdisplayloading_script
18:24:56 Attempt to override final function - rscdiary_script
18:24:56 Attempt to override final function - rscdisplaysinglemission_script
18:24:56 Attempt to override final function - rscdiary_script
18:24:56 Attempt to override final function - rscdisplayremotemissions_script
18:24:56 Attempt to override final function - rscdisplayloading_script
18:24:56 Attempt to override final function - rscdiary_script
18:24:56 Attempt to override final function - rscdiary_script
18:24:56 Attempt to override final function - rscdisplaystrategicmap_script
18:24:56 Attempt to override final function - rscdisplaycommon_script
18:24:56 Attempt to override final function - rscdisplaygarage_script
18:24:56 Attempt to override final function - rscdisplayhostsettings_script
18:24:56 Attempt to override final function - rscdisplayloading_script
18:24:56 Attempt to override final function - rscdisplaycurator_script
18:24:56 Attempt to override final function - display3deneditcomposition_script
18:24:56 Attempt to override final function - display3deneditattributes_script
18:24:56 Attempt to override final function - display3deneditattributes_script
18:24:56 Attempt to override final function - rscdisplayhostsettings_script
18:24:56 Attempt to override final function - rscdisplaycommon_script
18:24:56 Attempt to override final function - rscdisplaydebriefing_script
18:24:57 Attempt to override final function - rscunitinfo_script
18:24:57 Attempt to override final function - rscunitinfo_script
18:24:57 Attempt to override final function - rscunitinfo_script
18:24:57 Attempt to override final function - rscunitinfo_script
18:24:57 Attempt to override final function - rscunitinfo_script
18:24:57 Attempt to override final function - rscunitinfo_script
18:24:57 Attempt to override final function - rscunitinfo_script
18:24:57 Attempt to override final function - rscunitinfo_script
18:24:57 Attempt to override final function - rscunitinfo_script
18:24:57 Attempt to override final function - rscunitinfo_script
18:24:57 Attempt to override final function - rscunitinfo_script
18:24:57 Attempt to override final function - rscunitinfo_script
18:24:57 Attempt to override final function - rscunitinfo_script
18:24:57 Attempt to override final function - rscunitinfo_script
18:24:57 Attempt to override final function - rscunitinfo_script
18:24:57 Attempt to override final function - rscunitinfo_script
18:24:57 Attempt to override final function - rscunitinfo_script
18:24:57 Attempt to override final function - rscunitinfo_script
18:24:57 Attempt to override final function - rscunitinfo_script
18:24:57 Attempt to override final function - rscunitinfo_script
18:24:57 Attempt to override final function - rscunitinfo_script
18:24:57 Attempt to override final function - rscunitinfo_script
18:24:57 Attempt to override final function - rscunitinfo_script
18:24:57 Attempt to override final function - rscunitinfo_script
18:24:57 Attempt to override final function - rscunitinfo_script
18:24:57 Attempt to override final function - rscunitinfo_script
18:24:57 Attempt to override final function - rscunitinfo_script
18:24:57 Attempt to override final function - rscunitinfo_script
18:24:57 Attempt to override final function - rscunitinfo_script
18:24:57 Attempt to override final function - rscunitinfo_script
18:24:57 Attempt to override final function - rscunitinfo_script
18:24:57 Attempt to override final function - rscunitinfo_script
18:24:57 Attempt to override final function - rscunitinfo_script
18:24:57 Attempt to override final function - rscunitinfo_script
18:24:57 Attempt to override final function - rscunitinfo_script
18:24:57 Attempt to override final function - rscunitinfo_script
18:24:57 Attempt to override final function - rscunitinfo_script
18:24:57 Attempt to override final function - rscunitinfo_script
18:24:57 Attempt to override final function - rscunitinfo_script
18:24:57 Attempt to override final function - rscunitinfo_script
18:24:57 Attempt to override final function - rscunitinfo_script
18:24:57 Attempt to override final function - rscunitinfo_script
18:24:57 Attempt to override final function - rscunitinfo_script
18:24:57 Attempt to override final function - rscunitinfo_script
18:24:57 Attempt to override final function - rscunitinfo_script
18:24:57 Attempt to override final function - rscunitinfo_script
18:24:57 Attempt to override final function - rscunitinfo_script
18:24:57 Attempt to override final function - rscunitinfo_script
18:24:57 Attempt to override final function - rscunitinfo_script
18:24:57 Attempt to override final function - rscunitinfo_script
18:24:57 Attempt to override final function - rscunitinfo_script
18:24:57 Attempt to override final function - rscunitinfo_script
18:24:57 Attempt to override final function - rscunitinfo_script
18:24:57 Attempt to override final function - rscunitinfo_script
18:24:57 Attempt to override final function - rscunitinfo_script
18:24:57 Attempt to override final function - rscunitinfo_script
18:24:57 Attempt to override final function - rscunitinfo_script
18:24:57 Attempt to override final function - rscunitinfo_script
18:24:57 Attempt to override final function - rscunitinfo_script
18:24:57 Attempt to override final function - rscunitinfo_script
18:24:57 Attempt to override final function - rscunitinfo_script
18:24:58 VoteThreshold must be in 0..1 range. Defaulting to 0.5
Initializing Steam server - Game Port: 2302, Steam Query Port: 2303
Steam AppId from steam_appid.txt: 107410
Connected to Steam servers
Mission ArmA3_Wasteland.Altis-master: Number of roles (146) is different from 'description.ext::Header::maxPlayer' (145)
Server error: Player without identity Valiant (id 461745078)
Server error: Player without identity Valiant (id 461745078)
Server error: Player without identity Valiant (id 461745078)
Server error: Player without identity Valiant (id 461745078)
Server error: Player without identity Valiant (id 461745078)
Server error: Player without identity Valiant (id 461745078)
Server error: Player without identity Valiant (id 461745078)
Server error: Player without identity Valiant (id 461745078)
Server error: Player without identity Valiant (id 461745078)
Server error: Player without identity Valiant (id 461745078)
Server error: Player without identity Valiant (id 461745078)
Server error: Player without identity Valiant (id 461745078)
Server error: Player without identity Valiant (id 461745078)
Server error: Player without identity Valiant (id 461745078)
Server error: Player without identity Valiant (id 461745078)
Server error: Player without identity Valiant (id 461745078)
Server error: Player without identity Valiant (id 461745078)
Server error: Player without identity Valiant (id 461745078)
Server error: Player without identity Valiant (id 461745078)
Server error: Player without identity Valiant (id 461745078)
Server error: Player without identity Valiant (id 461745078)
Server error: Player without identity Valiant (id 461745078)
Server error: Player without identity Valiant (id 461745078)
Server error: Player without identity Valiant (id 461745078)
Server error: Player without identity Valiant (id 461745078)
Server error: Player without identity Valiant (id 461745078)
Server error: Player without identity Valiant (id 461745078)
Server error: Player without identity Valiant (id 461745078)
Server error: Player without identity Valiant (id 461745078)
Server error: Player without identity Valiant (id 461745078)
Server error: Player without identity Valiant (id 461745078)
Server error: Player without identity Valiant (id 461745078)
Server error: Player without identity Valiant (id 461745078)
Server error: Player without identity Valiant (id 461745078)
Warning: Wrong data in squad.xml for Player[Valiant], Squad[http://armasquads.com/user/squads/xml/ka21kXOmXQ8YIZ9bTLfFx4CxeYnt4Fqm/squad.xml]
Server error: Player without identity Valiant (id 461745078)
Starting mission:
 Mission file: ArmA3_Wasteland
 Mission world: Altis-master
 Mission directory: mpmissions\ArmA3_Wasteland.Altis-master\
Warning Message: No entry 'bin\config.bin/CfgWorlds.Altis-master'.
Unknown hit sound type in A3\data_f\Penetration\tyre.bisurf.soundHit
Attempt to override final function - bis_functions_list
Attempt to override final function - bis_functions_listpreinit
Attempt to override final function - bis_functions_listpostinit
Attempt to override final function - bis_functions_listrecompile
Attempt to override final function - bis_fnc_missiontaskslocal
Attempt to override final function - bis_fnc_missionconversationslocal
Attempt to override final function - bis_fnc_missionflow
Loading movesType CfgGesturesMale
MovesType CfgGesturesMale load time 147 ms
Loading movesType CfgMovesMaleSdr
Animation a3\cargoposes_f\anim\passenger_flatground_leanleft_kia.rtm not found or empty
Animation a3\cargoposes_f\anim\passenger_flatground_leanright_kia.rtm not found or empty
MovesType CfgMovesMaleSdr load time 6736 ms
c:\w\stable\futura\lib\network\networkserver.cpp NetworkServer::OnClientStateChanged:NOT IMPLEMENTED - briefing!
"############################# ArmA3_Wasteland #############################"
"WASTELAND SERVER - Initializing Server"
Warning Message: Script \A3Wasteland_settings\antihack\payload.sqf not found
"ANTI-HACK: External payload unavailable, using internal payload"
"ANTI-HACK: Started."
Warning Message: Script \A3Wasteland_settings\init.sqf not found
"Applying U_IG_Guerilla2_2 as uniform for GenStore1"
"Applying U_IG_Guerilla2_3 as uniform for GenStore2"
"Applying U_IG_Guerilla3_1 as uniform for GenStore3"
"Applying U_IG_Guerilla2_1 as uniform for GenStore4"
"Applying U_IG_Guerilla3_2 as uniform for GenStore5"
"Applying U_B_SpecopsUniform_sgg as uniform for GunStore1"
"Applying U_O_SpecopsUniform_blk as uniform for GunStore2"
"Applying U_I_CombatUniform_tshirt as uniform for GunStore3"
"Applying U_IG_Guerilla1_1 as uniform for GunStore4"
"Applying U_Competitor as uniform for VehStore1"
"Applying U_Competitor as uniform for VehStore2"
"Applying U_Competitor as uniform for VehStore3"
"Applying U_Competitor as uniform for VehStore4"
"Applying U_Competitor as uniform for VehStore5"
Warning Message: Script \A3Wasteland_settings\admins.sqf not found
"WASTELAND SERVER - Initializing Server Vars"
"WASTELAND SERVER - Initializing Server Compile"
Warning Message: Script \A3Wasteland_settings\serverRules.sqf not found
"WASTELAND SERVER - Server Compile Finished"
"[INFO] extDB2 v63 extension loaded"
"[extDB2] Startup..."
"[extDB2] ███ Database error! [0,"Database Exception Error"]"
"[extDB2] ███ SQL_CUSTOM_V2 Protocol error! [0,"Failed to Load Protocol"]"
"[extDB2] ███ ERROR - Startup aborted"
"[INFO] A3W playerSaving = ON"
"[INFO] A3W baseSaving = ON"
"[INFO] A3W vehicleSaving = ON"
"[INFO] A3W boxSaving = ON"
"[INFO] A3W staticWeaponSaving = ON"
"[INFO] A3W warchestSaving = ON"
"[INFO] A3W warchestMoneySaving = ON"
"[INFO] A3W spawnBeaconSaving = ON"
"[INFO] A3W timeSaving = ON"
"[INFO] A3W weatherSaving = ON"
"[INFO] A3W hcObjSaving = OFF"
Scripting function 'bis_fnc_execvm' is not allowed to be remotely executed
"[INFO] A3W loot spawning is ENABLED"
"WASTELAND SERVER - Initializing Server Spawning"
Duplicate weapon CMFlareLauncher detected for O_Heli_Light_02_unarmed_F
"WASTELAND SERVER - Initializing Server Relations"
Error in expression <eleteExpiredServerObjects:%1:%2:%3:%4", call A3W_extDB_ServerID, call A3W_extDB_>
  Error position: <call A3W_extDB_ServerID, call A3W_extDB_>
  Error call: Type Number, expected code
File mpmissions\ArmA3_Wasteland.Altis-master\persistence\server\world\extDB\getObjects.sqf, line 14
"Creating territory capture trigger for 'TERRITORY_SW_AIRFIELD'"
"Creating territory capture trigger for 'TERRITORY_MAIN_AIRBASE_SW'"
"Creating territory capture trigger for 'TERRITORY_MAIN_AIRBASE_CENTER'"
"Creating territory capture trigger for 'TERRITORY_MAIN_AIRBASE_NE'"
"Creating territory capture trigger for 'TERRITORY_NW_AIRFIELD'"
"Creating territory capture trigger for 'TERRITORY_NE_AIRFIELD'"
"Creating territory capture trigger for 'TERRITORY_SE_AIRFIELD'"
"Creating territory capture trigger for 'TERRITORY_WEST_POWER_PLANT'"
"Creating territory capture trigger for 'TERRITORY_SALTFLATS_AIRFIELD'"
"Creating territory capture trigger for 'TERRITORY_THRONOS_CASTLE'"
"WARNING: No config_territory_markers definition for marker 'TERRITORY_KASTRO_CASTLE'. Deleting it!"
"Creating territory capture trigger for 'TERRITORY_CENTER_POWER_PLANT'"
"Creating territory capture trigger for 'TERRITORY_IRAKLIA_RUINS'"
"Creating territory capture trigger for 'TERRITORY_ARTINARKI_RUINS'"
"Creating territory capture trigger for 'TERRITORY_MAGOS_TRANSMITTER'"
"Creating territory capture trigger for 'TERRITORY_PYRSOS_TRANSMITTER'"
"Creating territory capture trigger for 'TERRITORY_MILITARY_RESEARCH'"
Error in expression <"






[format ["getServerTime:%1:%2", call A3W_extDB_ServerID, call A3W_extDB_>
  Error position: <call A3W_extDB_ServerID, call A3W_extDB_>
  Error call: Type Number, expected code
File mpmissions\ArmA3_Wasteland.Altis-master\persistence\server\world\extDB\getTime.sqf, line 7
"-- LOOTSPAWNER initialise ------------------------"
"-- LOOTSPAWNER spawnBuilding_list ready, d: 0.0019989s"
Strange convex component24 in a3\structures_f\households\house_small02\i_house_small_02_v1_dam_f.p3d:geometryView
Strange convex component57 in a3\structures_f\households\house_small03\i_house_small_03_v1_dam_f.p3d:geometryPhys
Strange convex component24 in a3\structures_f\households\house_small02\u_house_small_02_v1_dam_f.p3d:geometryView
"-- LOOTSPAWNER Buildingpositions_list ready, d: 2.715s"
"WASTELAND SERVER - 17 Static helis Spawned"
"HandleDisconnect - ["Valiant","76561198113994834"] - alive: true - local: true"
Warning: Cleanup player - person 2:3 not found
Error in expression < ["getAntihackEntry:%1", _UID], 2] call extDB_Database_async
>
  Error position: <extDB_Database_async
>
  Error Undefined variable in expression: extdb_database_async
File mpmissions\ArmA3_Wasteland.Altis-master\persistence\server\players\extDB\getPlayerFlag.sqf, line 10
"WASTELAND - Vehicle spawning completed - 196 town vehicles spawned in 232.586s"
"WASTELAND SERVER - 1 Planes Spawned"
class HitPoints::HitFuel not found in O_Boat_Armed_01_hmg_F
class HitPoints::HitFuel not found in C_Boat_Civil_01_F
class HitPoints::HitFuel not found in C_Boat_Civil_01_police_F
class HitPoints::HitFuel not found in I_Boat_Armed_01_minigun_F
class HitPoints::HitFuel not found in C_Boat_Civil_01_rescue_F
class HitPoints::HitFuel not found in B_Boat_Armed_01_minigun_F
"WASTELAND SERVER - 17 Boats Spawned"
EPE manager release (0|254|0)
Deinitialized shape [Class: "Underwear_F"; Shape: "a3\characters_f\common\basicbody.p3d";]
Deinitialized shape [Class: "B_recon_F"; Shape: "a3\characters_f\blufor\b_soldier_01.p3d";]
Deinitialized shape [Class: "I_G_Soldier_LAT_F"; Shape: "a3\characters_f_bootcamp\guerrilla\ig_guerrilla_6_1.p3d";]
Deinitialized shape [Class: "O_recon_F"; Shape: "a3\characters_f\opfor\o_soldier_01.p3d";]
Deinitialized shape [Class: "I_medic_F"; Shape: "a3\characters_f_beta\indep\ia_soldier_02.p3d";]
Deinitialized shape [Class: "I_Soldier_lite_F"; Shape: "a3\characters_f_beta\indep\ia_soldier_02.p3d";]
Deinitialized shape [Class: "I_G_Soldier_M_F"; Shape: "a3\characters_f_gamma\guerrilla\ig_guerrilla3_1.p3d";]
Deinitialized shape [Class: "I_G_engineer_F"; Shape: "a3\characters_f_gamma\guerrilla\ig_guerrilla2_1.p3d";]
Deinitialized shape [Class: "I_G_medic_F"; Shape: "a3\characters_f_gamma\guerrilla\ig_guerrilla2_1.p3d";]
Deinitialized shape [Class: "I_G_Soldier_AR_F"; Shape: "a3\characters_f_gamma\guerrilla\ig_guerrilla2_1.p3d";]
Deinitialized shape [Class: "B_Competitor_F"; Shape: "a3\characters_f\civil\c_poloshirtpants.p3d";]
Deinitialized shape [Class: "C_man_1_1_F"; Shape: "a3\characters_f\civil\c_citizen1.p3d";]
Deinitialized shape [Class: "I_G_Soldier_F"; Shape: "a3\characters_f_gamma\guerrilla\ig_guerrilla1_1.p3d";]
c:\w\stable\futura\lib\network\networkserver.cpp ClearNetServer:NOT IMPLEMENTED - briefing!
Error: weapon [bipod_01_F_snd] still has its shape, ref_count=13
Error: weapon [bipod_01_F_blk] still has its shape, ref_count=3
Class Default destroyed with lock count 2
Class Library destroyed with lock count 2
Class GunFire destroyed with lock count 2
Class Table destroyed with lock count 2
Class T0 destroyed with lock count 2
Class T1 destroyed with lock count 2
Class T2 destroyed with lock count 2
Class T3 destroyed with lock count 2
Class T4 destroyed with lock count 2
Class T5 destroyed with lock count 2
Class T6 destroyed with lock count 2
Class T7 destroyed with lock count 2
Class T8 destroyed with lock count 2
Class T9 destroyed with lock count 2
Class T10 destroyed with lock count 2
Class T11 destroyed with lock count 2
Class T12 destroyed with lock count 2
Class T13 destroyed with lock count 2
Class T14 destroyed with lock count 2
Class T15 destroyed with lock count 2
Class T16 destroyed with lock count 2
Class T17 destroyed with lock count 2
Class T18 destroyed with lock count 2
Class T19 destroyed with lock count 2
Class T20 destroyed with lock count 2
Class T21 destroyed with lock count 2
Class T22 destroyed with lock count 2
Class GunClouds destroyed with lock count 2
Class Table destroyed with lock count 2
Class T0 destroyed with lock count 2
Class ItemCore destroyed with lock count 2
Class Armory destroyed with lock count 2
Class InventoryItem_Base_F destroyed with lock count 2
Class InventoryUnderItem_Base_F destroyed with lock count 2
Class bipod_01_F_snd destroyed with lock count 2
Class ItemInfo destroyed with lock count 4
Class bipod_01_F_blk destroyed with lock count 1
Extensions:
  extDB2 (.\extDB2.dll) [63.0.0.0] [63.0.0.0]

